2023-08-15 18:44:03 0 [Note] Starting MariaDB 11.0.3-MariaDB-1:11.0.3+maria~ubu2204-log source revision 70905bcb9059dcc40db3b73bc46a36c7d40f1e10 as process 1
2023-08-15 18:44:03 0 [Note] InnoDB: Compressed tables use zlib 1.2.11
2023-08-15 18:44:03 0 [Note] InnoDB: Number of transaction pools: 1
2023-08-15 18:44:03 0 [Note] InnoDB: Using crc32 + pclmulqdq instructions
2023-08-15 18:44:03 0 [Note] mariadbd: O_TMPFILE is not supported on /tmp (disabling future attempts)
2023-08-15 18:44:03 0 [Note] InnoDB: Using liburing
2023-08-15 18:44:03 0 [Note] InnoDB: Initializing buffer pool, total size = 128.000MiB, chunk size = 2.000MiB
2023-08-15 18:44:03 0 [Note] InnoDB: Completed initialization of buffer pool
2023-08-15 18:44:03 0 [Note] InnoDB: Buffered log writes (block size=512 bytes)
2023-08-15 18:44:03 0 [Note] InnoDB: End of log at LSN=47497
2023-08-15 18:44:03 0 [Note] InnoDB: Opened 3 undo tablespaces
2023-08-15 18:44:03 0 [Note] InnoDB: 128 rollback segments in 3 undo tablespaces are active.
2023-08-15 18:44:03 0 [Note] InnoDB: Setting file './ibtmp1' size to 12.000MiB. Physically writing the file full; Please wait ...
2023-08-15 18:44:04 0 [Note] InnoDB: File './ibtmp1' size is now 12.000MiB.
2023-08-15 18:44:04 0 [Note] InnoDB: log sequence number 47497; transaction id 16
2023-08-15 18:44:04 0 [Note] Plugin 'FEEDBACK' is disabled.
2023-08-15 18:44:04 0 [Note] Plugin 'wsrep-provider' is disabled.
2023-08-15 18:44:04 0 [Note] InnoDB: Loading buffer pool(s) from /var/lib/mysql/ib_buffer_pool
2023-08-15 18:44:04 0 [Note] InnoDB: Buffer pool(s) load completed at 230815 18:44:04
2023-08-15 18:44:04 0 [Note] Server socket created on IP: '0.0.0.0'.
2023-08-15 18:44:04 0 [Note] Server socket created on IP: '::'.
ERROR: 1396  Operation CREATE USER failed for 'irol_user'@'localhost'
2023-08-15 18:44:05 0 [Note] mariadbd: ready for connections.
Version: '11.0.3-MariaDB-1:11.0.3+maria~ubu2204-log'  socket: '/run/mysqld/mysqld.sock'  port: 3306  mariadb.org binary distribution
2023-08-15 18:45:08 0 [Note] mariadbd (initiated by: unknown): Normal shutdown
2023-08-15 18:45:08 0 [Note] InnoDB: FTS optimize thread exiting.
2023-08-15 18:45:08 0 [Note] InnoDB: Starting shutdown...
2023-08-15 18:45:08 0 [Note] InnoDB: Dumping buffer pool(s) to /var/lib/mysql/ib_buffer_pool
2023-08-15 18:45:08 0 [Note] InnoDB: Buffer pool(s) dump completed at 230815 18:45:08
2023-08-15 18:45:08 0 [Note] InnoDB: Removed temporary tablespace data file: "./ibtmp1"
2023-08-15 18:45:08 0 [Note] InnoDB: Shutdown completed; log sequence number 47497; transaction id 17
2023-08-15 18:45:08 0 [Note] mariadbd: Shutdown complete

2023-08-15 18:49:44 0 [Note] Starting MariaDB 11.0.3-MariaDB-1:11.0.3+maria~ubu2204-log source revision 70905bcb9059dcc40db3b73bc46a36c7d40f1e10 as process 90
2023-08-15 18:49:44 0 [Note] InnoDB: Compressed tables use zlib 1.2.11
2023-08-15 18:49:44 0 [Note] InnoDB: Number of transaction pools: 1
2023-08-15 18:49:44 0 [Note] InnoDB: Using crc32 + pclmulqdq instructions
2023-08-15 18:49:44 0 [Note] mariadbd: O_TMPFILE is not supported on /tmp (disabling future attempts)
2023-08-15 18:49:44 0 [Note] InnoDB: Using liburing
2023-08-15 18:49:44 0 [Note] InnoDB: Initializing buffer pool, total size = 128.000MiB, chunk size = 2.000MiB
2023-08-15 18:49:44 0 [Note] InnoDB: Completed initialization of buffer pool
2023-08-15 18:49:44 0 [Note] InnoDB: Buffered log writes (block size=512 bytes)
2023-08-15 18:49:44 0 [Note] InnoDB: End of log at LSN=47129
2023-08-15 18:49:44 0 [Note] InnoDB: Opened 3 undo tablespaces
2023-08-15 18:49:44 0 [Note] InnoDB: 128 rollback segments in 3 undo tablespaces are active.
2023-08-15 18:49:44 0 [Note] InnoDB: Setting file './ibtmp1' size to 12.000MiB. Physically writing the file full; Please wait ...
2023-08-15 18:49:45 0 [Note] InnoDB: File './ibtmp1' size is now 12.000MiB.
2023-08-15 18:49:45 0 [Note] InnoDB: log sequence number 47129; transaction id 14
2023-08-15 18:49:45 0 [Note] Plugin 'FEEDBACK' is disabled.
2023-08-15 18:49:45 0 [Note] Plugin 'wsrep-provider' is disabled.
ERROR: 1064  You have an error in your SQL syntax; check the manual that corresponds to your MariaDB server version for the right syntax to use near ''irol'.* TO 'irol_user'@'localhost' REQUIRE NONE WITH MAX_QUERIES_PER_HOUR 0 ...' at line 1
2023-08-15 18:49:45 0 [Note] mariadbd: ready for connections.
Version: '11.0.3-MariaDB-1:11.0.3+maria~ubu2204-log'  socket: '/run/mysqld/mysqld.sock'  port: 0  mariadb.org binary distribution
2023-08-15 18:49:47 0 [Note] mariadbd (initiated by: unknown): Normal shutdown
2023-08-15 18:49:47 0 [Note] InnoDB: FTS optimize thread exiting.
2023-08-15 18:49:47 0 [Note] InnoDB: Starting shutdown...
2023-08-15 18:49:47 0 [Note] InnoDB: Dumping buffer pool(s) to /var/lib/mysql/ib_buffer_pool
2023-08-15 18:49:47 0 [Note] InnoDB: Buffer pool(s) dump completed at 230815 18:49:47
2023-08-15 18:49:48 0 [Note] InnoDB: Removed temporary tablespace data file: "./ibtmp1"
2023-08-15 18:49:48 0 [Note] InnoDB: Shutdown completed; log sequence number 47129; transaction id 15
2023-08-15 18:49:48 0 [Note] mariadbd: Shutdown complete

2023-08-15 18:49:48 0 [Note] Starting MariaDB 11.0.3-MariaDB-1:11.0.3+maria~ubu2204-log source revision 70905bcb9059dcc40db3b73bc46a36c7d40f1e10 as process 1
2023-08-15 18:49:48 0 [Note] InnoDB: Compressed tables use zlib 1.2.11
2023-08-15 18:49:48 0 [Note] InnoDB: Number of transaction pools: 1
2023-08-15 18:49:48 0 [Note] InnoDB: Using crc32 + pclmulqdq instructions
2023-08-15 18:49:48 0 [Note] mariadbd: O_TMPFILE is not supported on /tmp (disabling future attempts)
2023-08-15 18:49:48 0 [Note] InnoDB: Using liburing
2023-08-15 18:49:48 0 [Note] InnoDB: Initializing buffer pool, total size = 128.000MiB, chunk size = 2.000MiB
2023-08-15 18:49:48 0 [Note] InnoDB: Completed initialization of buffer pool
2023-08-15 18:49:48 0 [Note] InnoDB: Buffered log writes (block size=512 bytes)
2023-08-15 18:49:48 0 [Note] InnoDB: End of log at LSN=47129
2023-08-15 18:49:48 0 [Note] InnoDB: Opened 3 undo tablespaces
2023-08-15 18:49:48 0 [Note] InnoDB: 128 rollback segments in 3 undo tablespaces are active.
2023-08-15 18:49:48 0 [Note] InnoDB: Setting file './ibtmp1' size to 12.000MiB. Physically writing the file full; Please wait ...
2023-08-15 18:49:49 0 [Note] InnoDB: File './ibtmp1' size is now 12.000MiB.
2023-08-15 18:49:49 0 [Note] InnoDB: log sequence number 47129; transaction id 14
2023-08-15 18:49:49 0 [Note] Plugin 'FEEDBACK' is disabled.
2023-08-15 18:49:49 0 [Note] Plugin 'wsrep-provider' is disabled.
2023-08-15 18:49:49 0 [Note] InnoDB: Loading buffer pool(s) from /var/lib/mysql/ib_buffer_pool
2023-08-15 18:49:49 0 [Note] InnoDB: Buffer pool(s) load completed at 230815 18:49:49
2023-08-15 18:49:49 0 [Note] Server socket created on IP: '0.0.0.0'.
2023-08-15 18:49:49 0 [Note] Server socket created on IP: '::'.
ERROR: 1396  Operation CREATE USER failed for 'irol_user'@'localhost'
2023-08-15 18:49:49 0 [Note] mariadbd: ready for connections.
Version: '11.0.3-MariaDB-1:11.0.3+maria~ubu2204-log'  socket: '/run/mysqld/mysqld.sock'  port: 3306  mariadb.org binary distribution
2023-08-15 19:55:56 0 [Note] mariadbd (initiated by: unknown): Normal shutdown
2023-08-15 19:55:56 0 [Note] InnoDB: FTS optimize thread exiting.
2023-08-15 19:55:56 0 [Note] InnoDB: Starting shutdown...
2023-08-15 19:55:56 0 [Note] InnoDB: Dumping buffer pool(s) to /var/lib/mysql/ib_buffer_pool
2023-08-15 19:55:56 0 [Note] InnoDB: Buffer pool(s) dump completed at 230815 19:55:56
2023-08-15 19:55:56 0 [Note] InnoDB: Removed temporary tablespace data file: "./ibtmp1"
2023-08-15 19:55:56 0 [Note] InnoDB: Shutdown completed; log sequence number 66042; transaction id 60
2023-08-15 19:55:56 0 [Note] mariadbd: Shutdown complete

2023-08-15 21:43:34 0 [Note] Starting MariaDB 11.0.3-MariaDB-1:11.0.3+maria~ubu2204-log source revision 70905bcb9059dcc40db3b73bc46a36c7d40f1e10 as process 1
2023-08-15 21:43:34 0 [Note] InnoDB: Compressed tables use zlib 1.2.11
2023-08-15 21:43:34 0 [Note] InnoDB: Number of transaction pools: 1
2023-08-15 21:43:34 0 [Note] InnoDB: Using crc32 + pclmulqdq instructions
2023-08-15 21:43:34 0 [Note] mariadbd: O_TMPFILE is not supported on /tmp (disabling future attempts)
2023-08-15 21:43:34 0 [Note] InnoDB: Using liburing
2023-08-15 21:43:34 0 [Note] InnoDB: Initializing buffer pool, total size = 128.000MiB, chunk size = 2.000MiB
2023-08-15 21:43:34 0 [Note] InnoDB: Completed initialization of buffer pool
2023-08-15 21:43:34 0 [Note] InnoDB: Buffered log writes (block size=512 bytes)
2023-08-15 21:43:34 0 [Note] InnoDB: End of log at LSN=66042
2023-08-15 21:43:34 0 [Note] InnoDB: Opened 3 undo tablespaces
2023-08-15 21:43:34 0 [Note] InnoDB: 128 rollback segments in 3 undo tablespaces are active.
2023-08-15 21:43:34 0 [Note] InnoDB: Setting file './ibtmp1' size to 12.000MiB. Physically writing the file full; Please wait ...
2023-08-15 21:43:35 0 [Note] InnoDB: File './ibtmp1' size is now 12.000MiB.
2023-08-15 21:43:35 0 [Note] InnoDB: log sequence number 66042; transaction id 61
2023-08-15 21:43:35 0 [Note] Plugin 'FEEDBACK' is disabled.
2023-08-15 21:43:35 0 [Note] Plugin 'wsrep-provider' is disabled.
2023-08-15 21:43:35 0 [Note] InnoDB: Loading buffer pool(s) from /var/lib/mysql/ib_buffer_pool
2023-08-15 21:43:35 0 [Note] InnoDB: Buffer pool(s) load completed at 230815 21:43:35
2023-08-15 21:43:35 0 [Note] Server socket created on IP: '0.0.0.0'.
2023-08-15 21:43:35 0 [Note] Server socket created on IP: '::'.
ERROR: 1396  Operation CREATE USER failed for 'irol_user'@'localhost'
2023-08-15 21:43:35 0 [Note] mariadbd: ready for connections.
Version: '11.0.3-MariaDB-1:11.0.3+maria~ubu2204-log'  socket: '/run/mysqld/mysqld.sock'  port: 3306  mariadb.org binary distribution
2023-08-15 21:44:13 0 [Note] mariadbd (initiated by: unknown): Normal shutdown
2023-08-15 21:44:13 0 [Note] InnoDB: FTS optimize thread exiting.
2023-08-15 21:44:13 0 [Note] InnoDB: Starting shutdown...
2023-08-15 21:44:13 0 [Note] InnoDB: Dumping buffer pool(s) to /var/lib/mysql/ib_buffer_pool
2023-08-15 21:44:13 0 [Note] InnoDB: Buffer pool(s) dump completed at 230815 21:44:13
2023-08-15 21:44:13 0 [Note] InnoDB: Removed temporary tablespace data file: "./ibtmp1"
2023-08-15 21:44:13 0 [Note] InnoDB: Shutdown completed; log sequence number 66042; transaction id 62
2023-08-15 21:44:13 0 [Note] mariadbd: Shutdown complete

2023-08-16 10:45:29 0 [Warning] mariadbd: io_uring_queue_init() failed with ENOSYS: check seccomp filters, and the kernel version (newer than 5.1 required)
2023-08-16 10:45:29 0 [Warning] InnoDB: liburing disabled: falling back to innodb_use_native_aio=OFF
2023-08-19 23:30:26 0 [Note] Starting MariaDB 11.0.3-MariaDB-1:11.0.3+maria~ubu2204-log source revision 70905bcb9059dcc40db3b73bc46a36c7d40f1e10 as process 1
2023-08-19 23:30:26 0 [Note] InnoDB: Compressed tables use zlib 1.2.11
2023-08-19 23:30:26 0 [Note] InnoDB: Number of transaction pools: 1
2023-08-19 23:30:26 0 [Note] InnoDB: Using crc32 + pclmulqdq instructions
2023-08-19 23:30:26 0 [Note] mariadbd: O_TMPFILE is not supported on /tmp (disabling future attempts)
2023-08-19 23:30:26 0 [Note] InnoDB: Using liburing
2023-08-19 23:30:26 0 [Note] InnoDB: Initializing buffer pool, total size = 128.000MiB, chunk size = 2.000MiB
2023-08-19 23:30:26 0 [Note] InnoDB: Completed initialization of buffer pool
2023-08-19 23:30:26 0 [Note] InnoDB: Buffered log writes (block size=512 bytes)
2023-08-19 23:30:26 0 [Note] InnoDB: End of log at LSN=66042
2023-08-19 23:30:26 0 [Note] InnoDB: Opened 3 undo tablespaces
2023-08-19 23:30:26 0 [Note] InnoDB: 128 rollback segments in 3 undo tablespaces are active.
2023-08-19 23:30:26 0 [Note] InnoDB: Setting file './ibtmp1' size to 12.000MiB. Physically writing the file full; Please wait ...
2023-08-19 23:30:27 0 [Note] InnoDB: File './ibtmp1' size is now 12.000MiB.
2023-08-19 23:30:27 0 [Note] InnoDB: log sequence number 66042; transaction id 61
2023-08-19 23:30:27 0 [Note] Plugin 'FEEDBACK' is disabled.
2023-08-19 23:30:27 0 [Note] Plugin 'wsrep-provider' is disabled.
2023-08-19 23:30:27 0 [Note] InnoDB: Loading buffer pool(s) from /var/lib/mysql/ib_buffer_pool
2023-08-19 23:30:27 0 [Note] InnoDB: Buffer pool(s) load completed at 230819 23:30:27
2023-08-19 23:30:27 0 [Note] Server socket created on IP: '0.0.0.0'.
2023-08-19 23:30:27 0 [Note] Server socket created on IP: '::'.
ERROR: 1396  Operation CREATE USER failed for 'irol_user'@'localhost'
2023-08-19 23:30:28 0 [Note] mariadbd: ready for connections.
Version: '11.0.3-MariaDB-1:11.0.3+maria~ubu2204-log'  socket: '/run/mysqld/mysqld.sock'  port: 3306  mariadb.org binary distribution
2023-08-19 23:34:19 0 [Note] mariadbd (initiated by: unknown): Normal shutdown
2023-08-19 23:34:19 0 [Note] InnoDB: FTS optimize thread exiting.
2023-08-19 23:34:19 0 [Note] InnoDB: Starting shutdown...
2023-08-19 23:34:19 0 [Note] InnoDB: Dumping buffer pool(s) to /var/lib/mysql/ib_buffer_pool
2023-08-19 23:34:19 0 [Note] InnoDB: Buffer pool(s) dump completed at 230819 23:34:19
2023-08-19 23:34:19 0 [Note] InnoDB: Removed temporary tablespace data file: "./ibtmp1"
2023-08-19 23:34:19 0 [Note] InnoDB: Shutdown completed; log sequence number 66042; transaction id 64
2023-08-19 23:34:19 0 [Note] mariadbd: Shutdown complete

2023-08-25 21:42:33 0 [Note] Starting MariaDB 11.0.3-MariaDB-1:11.0.3+maria~ubu2204-log source revision 70905bcb9059dcc40db3b73bc46a36c7d40f1e10 as process 1
2023-08-25 21:42:33 0 [Note] InnoDB: Compressed tables use zlib 1.2.11
2023-08-25 21:42:33 0 [Note] InnoDB: Number of transaction pools: 1
2023-08-25 21:42:33 0 [Note] InnoDB: Using crc32 + pclmulqdq instructions
2023-08-25 21:42:33 0 [Note] mariadbd: O_TMPFILE is not supported on /tmp (disabling future attempts)
2023-08-25 21:42:33 0 [Note] InnoDB: Using liburing
2023-08-25 21:42:33 0 [Note] InnoDB: Initializing buffer pool, total size = 128.000MiB, chunk size = 2.000MiB
2023-08-25 21:42:33 0 [Note] InnoDB: Completed initialization of buffer pool
2023-08-25 21:42:33 0 [Note] InnoDB: Buffered log writes (block size=512 bytes)
2023-08-25 21:42:33 0 [Note] InnoDB: End of log at LSN=66042
2023-08-25 21:42:33 0 [Note] InnoDB: Opened 3 undo tablespaces
2023-08-25 21:42:33 0 [Note] InnoDB: 128 rollback segments in 3 undo tablespaces are active.
2023-08-25 21:42:33 0 [Note] InnoDB: Removed temporary tablespace data file: "./ibtmp1"
2023-08-25 21:42:33 0 [Note] InnoDB: Setting file './ibtmp1' size to 12.000MiB. Physically writing the file full; Please wait ...
2023-08-25 21:42:34 0 [Note] InnoDB: File './ibtmp1' size is now 12.000MiB.
2023-08-25 21:42:34 0 [Note] InnoDB: log sequence number 66042; transaction id 61
2023-08-25 21:42:34 0 [Note] Plugin 'FEEDBACK' is disabled.
2023-08-25 21:42:34 0 [Note] Plugin 'wsrep-provider' is disabled.
2023-08-25 21:42:34 0 [Note] InnoDB: Loading buffer pool(s) from /var/lib/mysql/ib_buffer_pool
2023-08-25 21:42:34 0 [Note] InnoDB: Buffer pool(s) load completed at 230825 21:42:34
2023-08-25 21:42:34 0 [Note] Server socket created on IP: '0.0.0.0'.
2023-08-25 21:42:34 0 [Note] Server socket created on IP: '::'.
ERROR: 1396  Operation CREATE USER failed for 'irol_user'@'localhost'
2023-08-25 21:42:34 0 [Note] mariadbd: ready for connections.
Version: '11.0.3-MariaDB-1:11.0.3+maria~ubu2204-log'  socket: '/run/mysqld/mysqld.sock'  port: 3306  mariadb.org binary distribution
2023-08-25 21:44:15 0 [Note] mariadbd (initiated by: unknown): Normal shutdown
2023-08-25 21:44:15 0 [Note] InnoDB: FTS optimize thread exiting.
2023-08-25 21:44:15 0 [Note] InnoDB: Starting shutdown...
2023-08-25 21:44:15 0 [Note] InnoDB: Dumping buffer pool(s) to /var/lib/mysql/ib_buffer_pool
2023-08-25 21:44:15 0 [Note] InnoDB: Buffer pool(s) dump completed at 230825 21:44:15
2023-08-25 21:44:15 0 [Note] InnoDB: Removed temporary tablespace data file: "./ibtmp1"
2023-08-25 21:44:15 0 [Note] InnoDB: Shutdown completed; log sequence number 66042; transaction id 62
2023-08-25 21:44:15 0 [Note] mariadbd: Shutdown complete

2023-08-25 21:46:11 0 [Note] Starting MariaDB 11.0.3-MariaDB-1:11.0.3+maria~ubu2204-log source revision 70905bcb9059dcc40db3b73bc46a36c7d40f1e10 as process 1
2023-08-25 21:46:11 0 [Note] InnoDB: Compressed tables use zlib 1.2.11
2023-08-25 21:46:11 0 [Note] InnoDB: Number of transaction pools: 1
2023-08-25 21:46:11 0 [Note] InnoDB: Using crc32 + pclmulqdq instructions
2023-08-25 21:46:11 0 [Note] mariadbd: O_TMPFILE is not supported on /tmp (disabling future attempts)
2023-08-25 21:46:11 0 [Note] InnoDB: Using liburing
2023-08-25 21:46:11 0 [Note] InnoDB: Initializing buffer pool, total size = 128.000MiB, chunk size = 2.000MiB
2023-08-25 21:46:11 0 [Note] InnoDB: Completed initialization of buffer pool
2023-08-25 21:46:11 0 [Note] InnoDB: Buffered log writes (block size=512 bytes)
2023-08-25 21:46:11 0 [Note] InnoDB: End of log at LSN=66042
2023-08-25 21:46:12 0 [Note] InnoDB: Opened 3 undo tablespaces
2023-08-25 21:46:12 0 [Note] InnoDB: 128 rollback segments in 3 undo tablespaces are active.
2023-08-25 21:46:12 0 [Note] InnoDB: Setting file './ibtmp1' size to 12.000MiB. Physically writing the file full; Please wait ...
2023-08-25 21:46:12 0 [Note] InnoDB: File './ibtmp1' size is now 12.000MiB.
2023-08-25 21:46:12 0 [Note] InnoDB: log sequence number 66042; transaction id 61
2023-08-25 21:46:12 0 [Note] Plugin 'FEEDBACK' is disabled.
2023-08-25 21:46:12 0 [Note] Plugin 'wsrep-provider' is disabled.
2023-08-25 21:46:12 0 [Note] InnoDB: Loading buffer pool(s) from /var/lib/mysql/ib_buffer_pool
2023-08-25 21:46:12 0 [Note] InnoDB: Buffer pool(s) load completed at 230825 21:46:12
2023-08-25 21:46:12 0 [Note] Server socket created on IP: '0.0.0.0'.
2023-08-25 21:46:12 0 [Note] Server socket created on IP: '::'.
ERROR: 1396  Operation CREATE USER failed for 'irol_user'@'localhost'
2023-08-25 21:46:13 0 [Note] mariadbd: ready for connections.
Version: '11.0.3-MariaDB-1:11.0.3+maria~ubu2204-log'  socket: '/run/mysqld/mysqld.sock'  port: 3306  mariadb.org binary distribution
2023-08-25 21:46:42 0 [Note] mariadbd (initiated by: unknown): Normal shutdown
2023-08-25 21:46:42 0 [Note] InnoDB: FTS optimize thread exiting.
2023-08-25 21:46:42 0 [Note] InnoDB: Starting shutdown...
2023-08-25 21:46:42 0 [Note] InnoDB: Dumping buffer pool(s) to /var/lib/mysql/ib_buffer_pool
2023-08-25 21:46:42 0 [Note] InnoDB: Buffer pool(s) dump completed at 230825 21:46:42
2023-08-25 21:46:42 0 [Note] InnoDB: Removed temporary tablespace data file: "./ibtmp1"
2023-08-25 21:46:42 0 [Note] InnoDB: Shutdown completed; log sequence number 66042; transaction id 62
2023-08-25 21:46:42 0 [Note] mariadbd: Shutdown complete

2023-08-25 21:47:09 0 [Note] Starting MariaDB 11.0.3-MariaDB-1:11.0.3+maria~ubu2204-log source revision 70905bcb9059dcc40db3b73bc46a36c7d40f1e10 as process 1
2023-08-25 21:47:09 0 [Note] InnoDB: Compressed tables use zlib 1.2.11
2023-08-25 21:47:09 0 [Note] InnoDB: Number of transaction pools: 1
2023-08-25 21:47:09 0 [Note] InnoDB: Using crc32 + pclmulqdq instructions
2023-08-25 21:47:09 0 [Note] mariadbd: O_TMPFILE is not supported on /tmp (disabling future attempts)
2023-08-25 21:47:09 0 [Note] InnoDB: Using liburing
2023-08-25 21:47:09 0 [Note] InnoDB: Initializing buffer pool, total size = 128.000MiB, chunk size = 2.000MiB
2023-08-25 21:47:09 0 [Note] InnoDB: Completed initialization of buffer pool
2023-08-25 21:47:09 0 [Note] InnoDB: Buffered log writes (block size=512 bytes)
2023-08-25 21:47:09 0 [Note] InnoDB: End of log at LSN=66042
2023-08-25 21:47:09 0 [Note] InnoDB: Opened 3 undo tablespaces
2023-08-25 21:47:09 0 [Note] InnoDB: 128 rollback segments in 3 undo tablespaces are active.
2023-08-25 21:47:09 0 [Note] InnoDB: Setting file './ibtmp1' size to 12.000MiB. Physically writing the file full; Please wait ...
2023-08-25 21:47:10 0 [Note] InnoDB: File './ibtmp1' size is now 12.000MiB.
2023-08-25 21:47:10 0 [Note] InnoDB: log sequence number 66042; transaction id 61
2023-08-25 21:47:10 0 [Note] Plugin 'FEEDBACK' is disabled.
2023-08-25 21:47:10 0 [Note] Plugin 'wsrep-provider' is disabled.
2023-08-25 21:47:10 0 [Note] InnoDB: Loading buffer pool(s) from /var/lib/mysql/ib_buffer_pool
2023-08-25 21:47:10 0 [Note] InnoDB: Buffer pool(s) load completed at 230825 21:47:10
2023-08-25 21:47:10 0 [Note] Server socket created on IP: '0.0.0.0'.
2023-08-25 21:47:10 0 [Note] Server socket created on IP: '::'.
ERROR: 1396  Operation CREATE USER failed for 'irol_user'@'localhost'
2023-08-25 21:47:10 0 [Note] mariadbd: ready for connections.
Version: '11.0.3-MariaDB-1:11.0.3+maria~ubu2204-log'  socket: '/run/mysqld/mysqld.sock'  port: 3306  mariadb.org binary distribution
2023-08-25 21:47:19 4 [Warning] IP address '172.19.0.1' could not be resolved: Name or service not known
2023-08-25 21:48:31 0 [Note] mariadbd (initiated by: unknown): Normal shutdown
2023-08-25 21:48:31 0 [Note] InnoDB: FTS optimize thread exiting.
2023-08-25 21:48:31 0 [Note] InnoDB: Starting shutdown...
2023-08-25 21:48:31 0 [Note] InnoDB: Dumping buffer pool(s) to /var/lib/mysql/ib_buffer_pool
2023-08-25 21:48:31 0 [Note] InnoDB: Buffer pool(s) dump completed at 230825 21:48:31
2023-08-25 21:48:32 0 [Note] InnoDB: Removed temporary tablespace data file: "./ibtmp1"
2023-08-25 21:48:32 0 [Note] InnoDB: Shutdown completed; log sequence number 66042; transaction id 64
2023-08-25 21:48:32 0 [Note] mariadbd: Shutdown complete

2023-08-28 21:48:02 0 [Note] Starting MariaDB 11.0.3-MariaDB-1:11.0.3+maria~ubu2204-log source revision 70905bcb9059dcc40db3b73bc46a36c7d40f1e10 as process 1
2023-08-28 21:48:02 0 [Note] InnoDB: Compressed tables use zlib 1.2.11
2023-08-28 21:48:02 0 [Note] InnoDB: Number of transaction pools: 1
2023-08-28 21:48:02 0 [Note] InnoDB: Using crc32 + pclmulqdq instructions
2023-08-28 21:48:02 0 [Note] mariadbd: O_TMPFILE is not supported on /tmp (disabling future attempts)
2023-08-28 21:48:02 0 [Note] InnoDB: Using liburing
2023-08-28 21:48:02 0 [Note] InnoDB: Initializing buffer pool, total size = 128.000MiB, chunk size = 2.000MiB
2023-08-28 21:48:02 0 [Note] InnoDB: Completed initialization of buffer pool
2023-08-28 21:48:02 0 [Note] InnoDB: Buffered log writes (block size=512 bytes)
2023-08-28 21:48:02 0 [Note] InnoDB: End of log at LSN=66042
2023-08-28 21:48:02 0 [Note] InnoDB: Opened 3 undo tablespaces
2023-08-28 21:48:02 0 [Note] InnoDB: 128 rollback segments in 3 undo tablespaces are active.
2023-08-28 21:48:03 0 [Note] InnoDB: Setting file './ibtmp1' size to 12.000MiB. Physically writing the file full; Please wait ...
2023-08-28 21:48:03 0 [Note] InnoDB: File './ibtmp1' size is now 12.000MiB.
2023-08-28 21:48:03 0 [Note] InnoDB: log sequence number 66042; transaction id 61
2023-08-28 21:48:03 0 [Note] Plugin 'FEEDBACK' is disabled.
2023-08-28 21:48:03 0 [Note] Plugin 'wsrep-provider' is disabled.
2023-08-28 21:48:03 0 [Note] InnoDB: Loading buffer pool(s) from /var/lib/mysql/ib_buffer_pool
2023-08-28 21:48:03 0 [Note] InnoDB: Buffer pool(s) load completed at 230828 21:48:03
2023-08-28 21:48:03 0 [Note] Server socket created on IP: '0.0.0.0'.
2023-08-28 21:48:03 0 [Note] Server socket created on IP: '::'.
ERROR: 1396  Operation CREATE USER failed for 'irol_user'@'localhost'
2023-08-28 21:48:04 0 [Note] mariadbd: ready for connections.
Version: '11.0.3-MariaDB-1:11.0.3+maria~ubu2204-log'  socket: '/run/mysqld/mysqld.sock'  port: 3306  mariadb.org binary distribution
2023-08-28 21:48:20 4 [Warning] IP address '172.19.0.1' could not be resolved: Name or service not known
2023-08-28 22:44:10 8 [Warning] Aborted connection 8 to db: 'gocontacts' user: 'root' host: '172.19.0.1' (Got an error reading communication packets)
2023-08-28 23:15:49 10 [Warning] Aborted connection 10 to db: 'gocontacts' user: 'root' host: '172.19.0.1' (Got an error reading communication packets)
2023-08-28 23:16:25 0 [Note] mariadbd (initiated by: unknown): Normal shutdown
2023-08-28 23:16:25 0 [Note] InnoDB: FTS optimize thread exiting.
2023-08-28 23:16:25 0 [Note] InnoDB: Starting shutdown...
2023-08-28 23:16:25 0 [Note] InnoDB: Dumping buffer pool(s) to /var/lib/mysql/ib_buffer_pool
2023-08-28 23:16:25 0 [Note] InnoDB: Buffer pool(s) dump completed at 230828 23:16:25
2023-08-28 23:16:26 0 [Note] InnoDB: Removed temporary tablespace data file: "./ibtmp1"
2023-08-28 23:16:26 0 [Note] InnoDB: Shutdown completed; log sequence number 87366; transaction id 110
2023-08-28 23:16:26 0 [Note] mariadbd: Shutdown complete

2023-08-29 11:55:15 0 [Note] Starting MariaDB 11.0.3-MariaDB-1:11.0.3+maria~ubu2204-log source revision 70905bcb9059dcc40db3b73bc46a36c7d40f1e10 as process 1
2023-08-29 11:55:16 0 [Note] mariadbd: Aria engine: starting recovery
recovered pages: 0% 13% 23% 33% 43% 53% 99% 100% (0.7 seconds); transactions to roll back: 1 0 (0.0 seconds); tables to flush: 5 4 3 2 1 0 (0.7 seconds); 
2023-08-29 11:55:17 0 [Note] mariadbd: Aria engine: recovery done
2023-08-29 11:55:17 0 [Note] InnoDB: Compressed tables use zlib 1.2.11
2023-08-29 11:55:17 0 [Note] InnoDB: Number of transaction pools: 1
2023-08-29 11:55:17 0 [Note] InnoDB: Using SSE4.2 crc32 instructions
2023-08-29 11:55:17 0 [Note] mariadbd: O_TMPFILE is not supported on /tmp (disabling future attempts)
2023-08-29 11:55:17 0 [Warning] mariadbd: io_uring_queue_init() failed with ENOSYS: check seccomp filters, and the kernel version (newer than 5.1 required)
2023-08-29 11:55:17 0 [Warning] InnoDB: liburing disabled: falling back to innodb_use_native_aio=OFF
2023-08-29 11:55:18 0 [Note] InnoDB: Initializing buffer pool, total size = 128.000MiB, chunk size = 2.000MiB
2023-08-29 11:55:18 0 [Note] InnoDB: Completed initialization of buffer pool
2023-08-29 11:55:18 0 [Note] InnoDB: Buffered log writes (block size=512 bytes)
2023-08-29 11:55:19 0 [Note] InnoDB: Starting crash recovery from checkpoint LSN=18006
2023-08-29 11:55:20 0 [Note] InnoDB: End of log at LSN=46963
2023-08-29 11:55:20 0 [Note] InnoDB: To recover: 24 pages
2023-08-29 11:55:20 0 [Note] InnoDB: Opened 3 undo tablespaces
2023-08-29 11:55:20 0 [Note] InnoDB: 128 rollback segments in 3 undo tablespaces are active.
2023-08-29 11:55:20 0 [Note] InnoDB: Removed temporary tablespace data file: "./ibtmp1"
2023-08-29 11:55:20 0 [Note] InnoDB: Setting file './ibtmp1' size to 12.000MiB. Physically writing the file full; Please wait ...
2023-08-29 11:55:22 0 [Note] InnoDB: File './ibtmp1' size is now 12.000MiB.
2023-08-29 11:55:22 0 [Note] InnoDB: log sequence number 46963; transaction id 14
2023-08-29 11:55:22 0 [Note] Plugin 'FEEDBACK' is disabled.
2023-08-29 11:55:22 0 [Note] InnoDB: Loading buffer pool(s) from /var/lib/mysql/ib_buffer_pool
2023-08-29 11:55:22 0 [Note] Plugin 'wsrep-provider' is disabled.
2023-08-29 11:55:22 0 [Note] InnoDB: Cannot open '/var/lib/mysql/ib_buffer_pool' for reading: No such file or directory
2023-08-29 11:55:23 0 [Note] Server socket created on IP: '0.0.0.0'.
2023-08-29 11:55:23 0 [Note] Server socket created on IP: '::'.
2023-08-29 11:55:29 0 [Note] mariadbd: ready for connections.
Version: '11.0.3-MariaDB-1:11.0.3+maria~ubu2204-log'  socket: '/run/mysqld/mysqld.sock'  port: 3306  mariadb.org binary distribution
2023-08-29 11:58:52 4 [Warning] IP address '172.18.0.1' could not be resolved: Name or service not known
2023-08-29 11:58:52 4 [Warning] Aborted connection 4 to db: 'unconnected' user: 'unauthenticated' host: '172.18.0.1' (This connection closed normally without authentication)
2023-08-29 11:59:40 5 [Warning] Aborted connection 5 to db: 'unconnected' user: 'unauthenticated' host: '172.18.0.1' (This connection closed normally without authentication)
2023-08-29 20:22:20 0 [Note] Starting MariaDB 11.0.3-MariaDB-1:11.0.3+maria~ubu2204-log source revision 70905bcb9059dcc40db3b73bc46a36c7d40f1e10 as process 1
2023-08-29 20:22:20 0 [Note] InnoDB: Compressed tables use zlib 1.2.11
2023-08-29 20:22:20 0 [Note] InnoDB: Number of transaction pools: 1
2023-08-29 20:22:20 0 [Note] InnoDB: Using crc32 + pclmulqdq instructions
2023-08-29 20:22:20 0 [Note] mariadbd: O_TMPFILE is not supported on /tmp (disabling future attempts)
2023-08-29 20:22:20 0 [Note] InnoDB: Using liburing
2023-08-29 20:22:20 0 [Note] InnoDB: Initializing buffer pool, total size = 128.000MiB, chunk size = 2.000MiB
2023-08-29 20:22:20 0 [Note] InnoDB: Completed initialization of buffer pool
2023-08-29 20:22:20 0 [Note] InnoDB: Buffered log writes (block size=512 bytes)
2023-08-29 20:22:20 0 [Note] InnoDB: End of log at LSN=87366
2023-08-29 20:22:20 0 [Note] InnoDB: Opened 3 undo tablespaces
2023-08-29 20:22:20 0 [Note] InnoDB: 128 rollback segments in 3 undo tablespaces are active.
2023-08-29 20:22:20 0 [Note] InnoDB: Setting file './ibtmp1' size to 12.000MiB. Physically writing the file full; Please wait ...
2023-08-29 20:22:21 0 [Note] InnoDB: File './ibtmp1' size is now 12.000MiB.
2023-08-29 20:22:21 0 [Note] InnoDB: log sequence number 87366; transaction id 111
2023-08-29 20:22:21 0 [Note] Plugin 'FEEDBACK' is disabled.
2023-08-29 20:22:21 0 [Note] Plugin 'wsrep-provider' is disabled.
2023-08-29 20:22:21 0 [Note] InnoDB: Loading buffer pool(s) from /var/lib/mysql/ib_buffer_pool
2023-08-29 20:22:21 0 [Note] InnoDB: Buffer pool(s) load completed at 230829 20:22:21
2023-08-29 20:22:21 0 [Note] Server socket created on IP: '0.0.0.0'.
2023-08-29 20:22:21 0 [Note] Server socket created on IP: '::'.
ERROR: 1396  Operation CREATE USER failed for 'irol_user'@'localhost'
2023-08-29 20:22:21 0 [Note] mariadbd: ready for connections.
Version: '11.0.3-MariaDB-1:11.0.3+maria~ubu2204-log'  socket: '/run/mysqld/mysqld.sock'  port: 3306  mariadb.org binary distribution
2023-08-29 20:22:45 4 [Warning] IP address '172.19.0.1' could not be resolved: Name or service not known
2023-08-29 20:26:51 5 [Warning] Aborted connection 5 to db: 'gocontacts' user: 'root' host: '172.19.0.1' (Got an error reading communication packets)
2023-08-29 20:37:50 6 [Warning] Aborted connection 6 to db: 'gocontacts' user: 'root' host: '172.19.0.1' (Got an error reading communication packets)
2023-08-29 20:38:04 7 [Warning] Aborted connection 7 to db: 'gocontacts' user: 'root' host: '172.19.0.1' (Got an error reading communication packets)
2023-08-29 20:40:26 8 [Warning] Aborted connection 8 to db: 'gocontacts' user: 'root' host: '172.19.0.1' (Got an error reading communication packets)
2023-08-29 20:46:37 10 [Warning] Aborted connection 10 to db: 'gocontacts' user: 'root' host: '172.19.0.1' (Got an error reading communication packets)
2023-08-29 20:47:38 0 [Note] mariadbd (initiated by: unknown): Normal shutdown
2023-08-29 20:47:38 0 [Note] InnoDB: FTS optimize thread exiting.
2023-08-29 20:47:38 0 [Note] InnoDB: Starting shutdown...
2023-08-29 20:47:38 0 [Note] InnoDB: Dumping buffer pool(s) to /var/lib/mysql/ib_buffer_pool
2023-08-29 20:47:38 0 [Note] InnoDB: Buffer pool(s) dump completed at 230829 20:47:38
2023-08-29 20:47:38 0 [Note] InnoDB: Removed temporary tablespace data file: "./ibtmp1"
2023-08-29 20:47:38 0 [Note] InnoDB: Shutdown completed; log sequence number 229165; transaction id 290
2023-08-29 20:47:38 0 [Note] mariadbd: Shutdown complete

2023-08-29 20:48:04 0 [Note] Starting MariaDB 11.0.3-MariaDB-1:11.0.3+maria~ubu2204-log source revision 70905bcb9059dcc40db3b73bc46a36c7d40f1e10 as process 1
2023-08-29 20:48:05 0 [Note] InnoDB: Compressed tables use zlib 1.2.11
2023-08-29 20:48:05 0 [Note] InnoDB: Number of transaction pools: 1
2023-08-29 20:48:05 0 [Note] InnoDB: Using crc32 + pclmulqdq instructions
2023-08-29 20:48:05 0 [Note] mariadbd: O_TMPFILE is not supported on /tmp (disabling future attempts)
2023-08-29 20:48:05 0 [Note] InnoDB: Using liburing
2023-08-29 20:48:05 0 [Note] InnoDB: Initializing buffer pool, total size = 128.000MiB, chunk size = 2.000MiB
2023-08-29 20:48:05 0 [Note] InnoDB: Completed initialization of buffer pool
2023-08-29 20:48:05 0 [Note] InnoDB: Buffered log writes (block size=512 bytes)
2023-08-29 20:48:05 0 [Note] InnoDB: End of log at LSN=229165
2023-08-29 20:48:05 0 [Note] InnoDB: Opened 3 undo tablespaces
2023-08-29 20:48:05 0 [Note] InnoDB: 128 rollback segments in 3 undo tablespaces are active.
2023-08-29 20:48:05 0 [Note] InnoDB: Setting file './ibtmp1' size to 12.000MiB. Physically writing the file full; Please wait ...
2023-08-29 20:48:05 0 [Note] InnoDB: File './ibtmp1' size is now 12.000MiB.
2023-08-29 20:48:05 0 [Note] InnoDB: log sequence number 229165; transaction id 291
2023-08-29 20:48:05 0 [Note] Plugin 'FEEDBACK' is disabled.
2023-08-29 20:48:05 0 [Note] Plugin 'wsrep-provider' is disabled.
2023-08-29 20:48:05 0 [Note] InnoDB: Loading buffer pool(s) from /var/lib/mysql/ib_buffer_pool
2023-08-29 20:48:06 0 [Note] InnoDB: Buffer pool(s) load completed at 230829 20:48:05
2023-08-29 20:48:06 0 [Note] Server socket created on IP: '0.0.0.0'.
2023-08-29 20:48:06 0 [Note] Server socket created on IP: '::'.
ERROR: 1396  Operation CREATE USER failed for 'irol_user'@'localhost'
2023-08-29 20:48:06 0 [Note] mariadbd: ready for connections.
Version: '11.0.3-MariaDB-1:11.0.3+maria~ubu2204-log'  socket: '/run/mysqld/mysqld.sock'  port: 3306  mariadb.org binary distribution
2023-08-29 20:48:17 4 [Warning] IP address '172.19.0.1' could not be resolved: Name or service not known
2023-08-29 20:51:54 0 [Note] mariadbd (initiated by: unknown): Normal shutdown
2023-08-29 20:51:54 0 [Note] InnoDB: FTS optimize thread exiting.
2023-08-29 20:51:54 0 [Note] InnoDB: Starting shutdown...
2023-08-29 20:51:54 0 [Note] InnoDB: Dumping buffer pool(s) to /var/lib/mysql/ib_buffer_pool
2023-08-29 20:51:54 0 [Note] InnoDB: Buffer pool(s) dump completed at 230829 20:51:54
2023-08-29 20:51:54 0 [Note] InnoDB: Removed temporary tablespace data file: "./ibtmp1"
2023-08-29 20:51:54 0 [Note] InnoDB: Shutdown completed; log sequence number 229165; transaction id 294
2023-08-29 20:51:54 0 [Note] mariadbd: Shutdown complete

2023-08-31 12:24:37 0 [Note] Starting MariaDB 11.1.2-MariaDB-1:11.1.2+maria~ubu2204-log source revision 9bc25d98209df6810f7a7d5e7dd3ae677a313ab5 as process 1
2023-08-31 12:24:37 0 [Note] InnoDB: Compressed tables use zlib 1.2.11
2023-08-31 12:24:37 0 [Note] InnoDB: Number of transaction pools: 1
2023-08-31 12:24:37 0 [Note] InnoDB: Using crc32 + pclmulqdq instructions
2023-08-31 12:24:37 0 [Note] mariadbd: O_TMPFILE is not supported on /tmp (disabling future attempts)
2023-08-31 12:24:37 0 [Note] InnoDB: Using liburing
2023-08-31 12:24:37 0 [Note] InnoDB: Initializing buffer pool, total size = 128.000MiB, chunk size = 2.000MiB
2023-08-31 12:24:37 0 [Note] InnoDB: Completed initialization of buffer pool
2023-08-31 12:24:37 0 [ERROR] InnoDB: MySQL-8.0 tablespace in ./ibdata1
2023-08-31 12:24:37 0 [ERROR] InnoDB: Restart in MySQL for migration/recovery.
2023-08-31 12:24:37 0 [ERROR] InnoDB: Plugin initialization aborted with error Unsupported
2023-08-31 12:24:37 0 [Note] InnoDB: Starting shutdown...
2023-08-31 12:24:38 0 [ERROR] Plugin 'InnoDB' registration as a STORAGE ENGINE failed.
2023-08-31 12:24:38 0 [Note] Plugin 'FEEDBACK' is disabled.
2023-08-31 12:24:38 0 [Note] Plugin 'wsrep-provider' is disabled.
2023-08-31 12:24:38 0 [ERROR] Could not open mysql.plugin table: "Table 'mysql.plugin' doesn't exist". Some plugins may be not loaded
2023-08-31 12:24:38 0 [ERROR] Unknown/unsupported storage engine: InnoDB
2023-08-31 12:24:38 0 [ERROR] Aborting
2023-08-31 12:24:53 0 [Note] Starting MariaDB 11.1.2-MariaDB-1:11.1.2+maria~ubu2204-log source revision 9bc25d98209df6810f7a7d5e7dd3ae677a313ab5 as process 1
2023-08-31 12:24:53 0 [Note] InnoDB: Compressed tables use zlib 1.2.11
2023-08-31 12:24:53 0 [Note] InnoDB: Number of transaction pools: 1
2023-08-31 12:24:53 0 [Note] InnoDB: Using crc32 + pclmulqdq instructions
2023-08-31 12:24:53 0 [Note] mariadbd: O_TMPFILE is not supported on /tmp (disabling future attempts)
2023-08-31 12:24:53 0 [Note] InnoDB: Using liburing
2023-08-31 12:24:53 0 [Note] InnoDB: Initializing buffer pool, total size = 128.000MiB, chunk size = 2.000MiB
2023-08-31 12:24:53 0 [Note] InnoDB: Completed initialization of buffer pool
2023-08-31 12:24:53 0 [ERROR] InnoDB: MySQL-8.0 tablespace in ./ibdata1
2023-08-31 12:24:53 0 [ERROR] InnoDB: Restart in MySQL for migration/recovery.
2023-08-31 12:24:53 0 [ERROR] InnoDB: Plugin initialization aborted with error Unsupported
2023-08-31 12:24:53 0 [Note] InnoDB: Starting shutdown...
2023-08-31 12:24:53 0 [ERROR] Plugin 'InnoDB' registration as a STORAGE ENGINE failed.
2023-08-31 12:24:53 0 [Note] Plugin 'FEEDBACK' is disabled.
2023-08-31 12:24:53 0 [Note] Plugin 'wsrep-provider' is disabled.
2023-08-31 12:24:53 0 [ERROR] Could not open mysql.plugin table: "Table 'mysql.plugin' doesn't exist". Some plugins may be not loaded
2023-08-31 12:24:53 0 [ERROR] Unknown/unsupported storage engine: InnoDB
2023-08-31 12:24:53 0 [ERROR] Aborting
2023-08-31 12:26:19 0 [Note] Starting MariaDB 11.1.2-MariaDB-1:11.1.2+maria~ubu2204-log source revision 9bc25d98209df6810f7a7d5e7dd3ae677a313ab5 as process 55
2023-08-31 12:26:19 0 [Note] InnoDB: Compressed tables use zlib 1.2.11
2023-08-31 12:26:19 0 [Note] InnoDB: Number of transaction pools: 1
2023-08-31 12:26:19 0 [Note] InnoDB: Using crc32 + pclmulqdq instructions
2023-08-31 12:26:19 0 [Note] mariadbd: O_TMPFILE is not supported on /tmp (disabling future attempts)
2023-08-31 12:26:19 0 [Note] InnoDB: Using liburing
2023-08-31 12:26:19 0 [Note] InnoDB: Initializing buffer pool, total size = 128.000MiB, chunk size = 2.000MiB
2023-08-31 12:26:19 0 [Note] InnoDB: Completed initialization of buffer pool
2023-08-31 12:26:19 0 [ERROR] InnoDB: MySQL-8.0 tablespace in ./ibdata1
2023-08-31 12:26:19 0 [ERROR] InnoDB: Restart in MySQL for migration/recovery.
2023-08-31 12:26:19 0 [ERROR] InnoDB: Plugin initialization aborted with error Unsupported
2023-08-31 12:26:19 0 [Note] InnoDB: Starting shutdown...
2023-08-31 12:26:19 0 [ERROR] Plugin 'InnoDB' registration as a STORAGE ENGINE failed.
2023-08-31 12:26:19 0 [Note] Plugin 'FEEDBACK' is disabled.
2023-08-31 12:26:19 0 [Note] Plugin 'wsrep-provider' is disabled.
2023-08-31 12:26:19 0 [ERROR] Unknown/unsupported storage engine: InnoDB
2023-08-31 12:26:19 0 [ERROR] Aborting
2023-09-05 21:05:36 0 [Note] Starting MariaDB 10.11.5-MariaDB-1:10.11.5+maria~ubu2204-log source revision 7875294b6b74b53dd3aaa723e6cc103d2bb47b2c as process 55
2023-09-05 21:05:36 0 [Note] InnoDB: Compressed tables use zlib 1.2.11
2023-09-05 21:05:36 0 [Note] InnoDB: Number of transaction pools: 1
2023-09-05 21:05:36 0 [Note] InnoDB: Using crc32 + pclmulqdq instructions
2023-09-05 21:05:37 0 [Note] mariadbd: O_TMPFILE is not supported on /tmp (disabling future attempts)
2023-09-05 21:05:37 0 [Note] InnoDB: Using liburing
2023-09-05 21:05:37 0 [Note] InnoDB: Initializing buffer pool, total size = 128.000MiB, chunk size = 2.000MiB
2023-09-05 21:05:37 0 [Note] InnoDB: Completed initialization of buffer pool
2023-09-05 21:05:37 0 [ERROR] InnoDB: MySQL-8.0 tablespace in ./ibdata1
2023-09-05 21:05:37 0 [ERROR] InnoDB: Restart in MySQL for migration/recovery.
2023-09-05 21:05:37 0 [ERROR] InnoDB: Plugin initialization aborted with error Unsupported
2023-09-05 21:05:37 0 [Note] InnoDB: Starting shutdown...
2023-09-05 21:05:37 0 [ERROR] Plugin 'InnoDB' registration as a STORAGE ENGINE failed.
2023-09-05 21:05:37 0 [Note] Plugin 'FEEDBACK' is disabled.
2023-09-05 21:05:37 0 [ERROR] Unknown/unsupported storage engine: InnoDB
2023-09-05 21:05:37 0 [ERROR] Aborting
2023-09-05 21:06:09 0 [Note] Starting MariaDB 10.11.5-MariaDB-1:10.11.5+maria~ubu2204-log source revision 7875294b6b74b53dd3aaa723e6cc103d2bb47b2c as process 55
2023-09-05 21:06:09 0 [Note] InnoDB: Compressed tables use zlib 1.2.11
2023-09-05 21:06:09 0 [Note] InnoDB: Number of transaction pools: 1
2023-09-05 21:06:09 0 [Note] InnoDB: Using crc32 + pclmulqdq instructions
2023-09-05 21:06:09 0 [Note] mariadbd: O_TMPFILE is not supported on /tmp (disabling future attempts)
2023-09-05 21:06:09 0 [Note] InnoDB: Using liburing
2023-09-05 21:06:09 0 [Note] InnoDB: Initializing buffer pool, total size = 128.000MiB, chunk size = 2.000MiB
2023-09-05 21:06:09 0 [Note] InnoDB: Completed initialization of buffer pool
2023-09-05 21:06:09 0 [ERROR] InnoDB: MySQL-8.0 tablespace in ./ibdata1
2023-09-05 21:06:09 0 [ERROR] InnoDB: Restart in MySQL for migration/recovery.
2023-09-05 21:06:09 0 [ERROR] InnoDB: Plugin initialization aborted with error Unsupported
2023-09-05 21:06:09 0 [Note] InnoDB: Starting shutdown...
2023-09-05 21:06:09 0 [ERROR] Plugin 'InnoDB' registration as a STORAGE ENGINE failed.
2023-09-05 21:06:09 0 [Note] Plugin 'FEEDBACK' is disabled.
2023-09-05 21:06:09 0 [ERROR] Unknown/unsupported storage engine: InnoDB
2023-09-05 21:06:09 0 [ERROR] Aborting
2023-09-05 21:06:42 0 [Note] Starting MariaDB 10.11.5-MariaDB-1:10.11.5+maria~ubu2204-log source revision 7875294b6b74b53dd3aaa723e6cc103d2bb47b2c as process 56
2023-09-05 21:06:42 0 [Note] InnoDB: Compressed tables use zlib 1.2.11
2023-09-05 21:06:42 0 [Note] InnoDB: Number of transaction pools: 1
2023-09-05 21:06:42 0 [Note] InnoDB: Using crc32 + pclmulqdq instructions
2023-09-05 21:06:42 0 [Note] mariadbd: O_TMPFILE is not supported on /tmp (disabling future attempts)
2023-09-05 21:06:42 0 [Note] InnoDB: Using liburing
2023-09-05 21:06:42 0 [Note] InnoDB: Initializing buffer pool, total size = 128.000MiB, chunk size = 2.000MiB
2023-09-05 21:06:42 0 [Note] InnoDB: Completed initialization of buffer pool
2023-09-05 21:06:42 0 [ERROR] InnoDB: MySQL-8.0 tablespace in ./ibdata1
2023-09-05 21:06:42 0 [ERROR] InnoDB: Restart in MySQL for migration/recovery.
2023-09-05 21:06:42 0 [ERROR] InnoDB: Plugin initialization aborted with error Unsupported
2023-09-05 21:06:42 0 [Note] InnoDB: Starting shutdown...
2023-09-05 21:06:42 0 [ERROR] Plugin 'InnoDB' registration as a STORAGE ENGINE failed.
2023-09-05 21:06:42 0 [Note] Plugin 'FEEDBACK' is disabled.
2023-09-05 21:06:42 0 [ERROR] Unknown/unsupported storage engine: InnoDB
2023-09-05 21:06:42 0 [ERROR] Aborting
2023-09-05 21:07:43 0 [Note] Starting MariaDB 10.11.5-MariaDB-1:10.11.5+maria~ubu2204-log source revision 7875294b6b74b53dd3aaa723e6cc103d2bb47b2c as process 55
2023-09-05 21:07:43 0 [Note] InnoDB: Compressed tables use zlib 1.2.11
2023-09-05 21:07:44 0 [Note] InnoDB: Number of transaction pools: 1
2023-09-05 21:07:44 0 [Note] InnoDB: Using crc32 + pclmulqdq instructions
2023-09-05 21:07:44 0 [Note] mariadbd: O_TMPFILE is not supported on /tmp (disabling future attempts)
2023-09-05 21:07:44 0 [Note] InnoDB: Using liburing
2023-09-05 21:07:44 0 [Note] InnoDB: Initializing buffer pool, total size = 128.000MiB, chunk size = 2.000MiB
2023-09-05 21:07:44 0 [Note] InnoDB: Completed initialization of buffer pool
2023-09-05 21:07:44 0 [ERROR] InnoDB: MySQL-8.0 tablespace in ./ibdata1
2023-09-05 21:07:44 0 [ERROR] InnoDB: Restart in MySQL for migration/recovery.
2023-09-05 21:07:44 0 [ERROR] InnoDB: Plugin initialization aborted with error Unsupported
2023-09-05 21:07:44 0 [Note] InnoDB: Starting shutdown...
2023-09-05 21:07:44 0 [ERROR] Plugin 'InnoDB' registration as a STORAGE ENGINE failed.
2023-09-05 21:07:44 0 [Note] Plugin 'FEEDBACK' is disabled.
2023-09-05 21:07:44 0 [ERROR] Unknown/unsupported storage engine: InnoDB
2023-09-05 21:07:44 0 [ERROR] Aborting
2023-09-05 21:08:16 0 [Note] Starting MariaDB 10.11.5-MariaDB-1:10.11.5+maria~ubu2204-log source revision 7875294b6b74b53dd3aaa723e6cc103d2bb47b2c as process 55
2023-09-05 21:08:16 0 [Note] InnoDB: Compressed tables use zlib 1.2.11
2023-09-05 21:08:16 0 [Note] InnoDB: Number of transaction pools: 1
2023-09-05 21:08:16 0 [Note] InnoDB: Using crc32 + pclmulqdq instructions
2023-09-05 21:08:16 0 [Note] mariadbd: O_TMPFILE is not supported on /tmp (disabling future attempts)
2023-09-05 21:08:16 0 [Note] InnoDB: Using liburing
2023-09-05 21:08:16 0 [Note] InnoDB: Initializing buffer pool, total size = 128.000MiB, chunk size = 2.000MiB
2023-09-05 21:08:16 0 [Note] InnoDB: Completed initialization of buffer pool
2023-09-05 21:08:16 0 [ERROR] InnoDB: MySQL-8.0 tablespace in ./ibdata1
2023-09-05 21:08:16 0 [ERROR] InnoDB: Restart in MySQL for migration/recovery.
2023-09-05 21:08:16 0 [ERROR] InnoDB: Plugin initialization aborted with error Unsupported
2023-09-05 21:08:16 0 [Note] InnoDB: Starting shutdown...
2023-09-05 21:08:16 0 [ERROR] Plugin 'InnoDB' registration as a STORAGE ENGINE failed.
2023-09-05 21:08:16 0 [Note] Plugin 'FEEDBACK' is disabled.
2023-09-05 21:08:16 0 [ERROR] Unknown/unsupported storage engine: InnoDB
2023-09-05 21:08:16 0 [ERROR] Aborting
2023-09-05 21:08:49 0 [Note] Starting MariaDB 10.11.5-MariaDB-1:10.11.5+maria~ubu2204-log source revision 7875294b6b74b53dd3aaa723e6cc103d2bb47b2c as process 54
2023-09-05 21:08:49 0 [Note] InnoDB: Compressed tables use zlib 1.2.11
2023-09-05 21:08:49 0 [Note] InnoDB: Number of transaction pools: 1
2023-09-05 21:08:49 0 [Note] InnoDB: Using crc32 + pclmulqdq instructions
2023-09-05 21:08:49 0 [Note] mariadbd: O_TMPFILE is not supported on /tmp (disabling future attempts)
2023-09-05 21:08:49 0 [Note] InnoDB: Using liburing
2023-09-05 21:08:49 0 [Note] InnoDB: Initializing buffer pool, total size = 128.000MiB, chunk size = 2.000MiB
2023-09-05 21:08:49 0 [Note] InnoDB: Completed initialization of buffer pool
2023-09-05 21:08:49 0 [ERROR] InnoDB: MySQL-8.0 tablespace in ./ibdata1
2023-09-05 21:08:49 0 [ERROR] InnoDB: Restart in MySQL for migration/recovery.
2023-09-05 21:08:49 0 [ERROR] InnoDB: Plugin initialization aborted with error Unsupported
2023-09-05 21:08:49 0 [Note] InnoDB: Starting shutdown...
2023-09-05 21:08:49 0 [ERROR] Plugin 'InnoDB' registration as a STORAGE ENGINE failed.
2023-09-05 21:08:49 0 [Note] Plugin 'FEEDBACK' is disabled.
2023-09-05 21:08:49 0 [ERROR] Unknown/unsupported storage engine: InnoDB
2023-09-05 21:08:49 0 [ERROR] Aborting
2023-09-05 21:09:22 0 [Note] Starting MariaDB 10.11.5-MariaDB-1:10.11.5+maria~ubu2204-log source revision 7875294b6b74b53dd3aaa723e6cc103d2bb47b2c as process 55
2023-09-05 21:09:22 0 [Note] InnoDB: Compressed tables use zlib 1.2.11
2023-09-05 21:09:22 0 [Note] InnoDB: Number of transaction pools: 1
2023-09-05 21:09:22 0 [Note] InnoDB: Using crc32 + pclmulqdq instructions
2023-09-05 21:09:22 0 [Note] mariadbd: O_TMPFILE is not supported on /tmp (disabling future attempts)
2023-09-05 21:09:22 0 [Note] InnoDB: Using liburing
2023-09-05 21:09:22 0 [Note] InnoDB: Initializing buffer pool, total size = 128.000MiB, chunk size = 2.000MiB
2023-09-05 21:09:22 0 [Note] InnoDB: Completed initialization of buffer pool
2023-09-05 21:09:22 0 [ERROR] InnoDB: MySQL-8.0 tablespace in ./ibdata1
2023-09-05 21:09:22 0 [ERROR] InnoDB: Restart in MySQL for migration/recovery.
2023-09-05 21:09:22 0 [ERROR] InnoDB: Plugin initialization aborted with error Unsupported
2023-09-05 21:09:22 0 [Note] InnoDB: Starting shutdown...
2023-09-05 21:09:22 0 [ERROR] Plugin 'InnoDB' registration as a STORAGE ENGINE failed.
2023-09-05 21:09:22 0 [Note] Plugin 'FEEDBACK' is disabled.
2023-09-05 21:09:22 0 [ERROR] Unknown/unsupported storage engine: InnoDB
2023-09-05 21:09:22 0 [ERROR] Aborting
2023-09-05 21:10:13 0 [Note] Starting MariaDB 10.11.5-MariaDB-1:10.11.5+maria~ubu2204-log source revision 7875294b6b74b53dd3aaa723e6cc103d2bb47b2c as process 55
2023-09-05 21:10:13 0 [Note] InnoDB: Compressed tables use zlib 1.2.11
2023-09-05 21:10:13 0 [Note] InnoDB: Number of transaction pools: 1
2023-09-05 21:10:13 0 [Note] InnoDB: Using crc32 + pclmulqdq instructions
2023-09-05 21:10:13 0 [Note] mariadbd: O_TMPFILE is not supported on /tmp (disabling future attempts)
2023-09-05 21:10:13 0 [Note] InnoDB: Using liburing
2023-09-05 21:10:13 0 [Note] InnoDB: Initializing buffer pool, total size = 128.000MiB, chunk size = 2.000MiB
2023-09-05 21:10:13 0 [Note] InnoDB: Completed initialization of buffer pool
2023-09-05 21:10:13 0 [ERROR] InnoDB: MySQL-8.0 tablespace in ./ibdata1
2023-09-05 21:10:13 0 [ERROR] InnoDB: Restart in MySQL for migration/recovery.
2023-09-05 21:10:13 0 [ERROR] InnoDB: Plugin initialization aborted with error Unsupported
2023-09-05 21:10:13 0 [Note] InnoDB: Starting shutdown...
2023-09-05 21:10:13 0 [ERROR] Plugin 'InnoDB' registration as a STORAGE ENGINE failed.
2023-09-05 21:10:13 0 [Note] Plugin 'FEEDBACK' is disabled.
2023-09-05 21:10:13 0 [ERROR] Unknown/unsupported storage engine: InnoDB
2023-09-05 21:10:13 0 [ERROR] Aborting
2023-09-05 21:10:45 0 [Note] Starting MariaDB 10.11.5-MariaDB-1:10.11.5+maria~ubu2204-log source revision 7875294b6b74b53dd3aaa723e6cc103d2bb47b2c as process 55
2023-09-05 21:10:45 0 [Note] InnoDB: Compressed tables use zlib 1.2.11
2023-09-05 21:10:45 0 [Note] InnoDB: Number of transaction pools: 1
2023-09-05 21:10:45 0 [Note] InnoDB: Using crc32 + pclmulqdq instructions
2023-09-05 21:10:45 0 [Note] mariadbd: O_TMPFILE is not supported on /tmp (disabling future attempts)
2023-09-05 21:10:45 0 [Note] InnoDB: Using liburing
2023-09-05 21:10:45 0 [Note] InnoDB: Initializing buffer pool, total size = 128.000MiB, chunk size = 2.000MiB
2023-09-05 21:10:45 0 [Note] InnoDB: Completed initialization of buffer pool
2023-09-05 21:10:45 0 [ERROR] InnoDB: MySQL-8.0 tablespace in ./ibdata1
2023-09-05 21:10:45 0 [ERROR] InnoDB: Restart in MySQL for migration/recovery.
2023-09-05 21:10:45 0 [ERROR] InnoDB: Plugin initialization aborted with error Unsupported
2023-09-05 21:10:45 0 [Note] InnoDB: Starting shutdown...
2023-09-05 21:10:45 0 [ERROR] Plugin 'InnoDB' registration as a STORAGE ENGINE failed.
2023-09-05 21:10:45 0 [Note] Plugin 'FEEDBACK' is disabled.
2023-09-05 21:10:45 0 [ERROR] Unknown/unsupported storage engine: InnoDB
2023-09-05 21:10:45 0 [ERROR] Aborting
2023-09-05 21:11:18 0 [Note] Starting MariaDB 10.11.5-MariaDB-1:10.11.5+maria~ubu2204-log source revision 7875294b6b74b53dd3aaa723e6cc103d2bb47b2c as process 55
2023-09-05 21:11:18 0 [Note] InnoDB: Compressed tables use zlib 1.2.11
2023-09-05 21:11:18 0 [Note] InnoDB: Number of transaction pools: 1
2023-09-05 21:11:18 0 [Note] InnoDB: Using crc32 + pclmulqdq instructions
2023-09-05 21:11:18 0 [Note] mariadbd: O_TMPFILE is not supported on /tmp (disabling future attempts)
2023-09-05 21:11:18 0 [Note] InnoDB: Using liburing
2023-09-05 21:11:18 0 [Note] InnoDB: Initializing buffer pool, total size = 128.000MiB, chunk size = 2.000MiB
2023-09-05 21:11:18 0 [Note] InnoDB: Completed initialization of buffer pool
2023-09-05 21:11:18 0 [ERROR] InnoDB: MySQL-8.0 tablespace in ./ibdata1
2023-09-05 21:11:18 0 [ERROR] InnoDB: Restart in MySQL for migration/recovery.
2023-09-05 21:11:18 0 [ERROR] InnoDB: Plugin initialization aborted with error Unsupported
2023-09-05 21:11:18 0 [Note] InnoDB: Starting shutdown...
2023-09-05 21:11:18 0 [ERROR] Plugin 'InnoDB' registration as a STORAGE ENGINE failed.
2023-09-05 21:11:18 0 [Note] Plugin 'FEEDBACK' is disabled.
2023-09-05 21:11:18 0 [ERROR] Unknown/unsupported storage engine: InnoDB
2023-09-05 21:11:18 0 [ERROR] Aborting
2023-09-05 21:11:50 0 [Note] Starting MariaDB 10.11.5-MariaDB-1:10.11.5+maria~ubu2204-log source revision 7875294b6b74b53dd3aaa723e6cc103d2bb47b2c as process 55
2023-09-05 21:11:50 0 [Note] InnoDB: Compressed tables use zlib 1.2.11
2023-09-05 21:11:50 0 [Note] InnoDB: Number of transaction pools: 1
2023-09-05 21:11:50 0 [Note] InnoDB: Using crc32 + pclmulqdq instructions
2023-09-05 21:11:50 0 [Note] mariadbd: O_TMPFILE is not supported on /tmp (disabling future attempts)
2023-09-05 21:11:50 0 [Note] InnoDB: Using liburing
2023-09-05 21:11:50 0 [Note] InnoDB: Initializing buffer pool, total size = 128.000MiB, chunk size = 2.000MiB
2023-09-05 21:11:50 0 [Note] InnoDB: Completed initialization of buffer pool
2023-09-05 21:11:50 0 [ERROR] InnoDB: MySQL-8.0 tablespace in ./ibdata1
2023-09-05 21:11:50 0 [ERROR] InnoDB: Restart in MySQL for migration/recovery.
2023-09-05 21:11:50 0 [ERROR] InnoDB: Plugin initialization aborted with error Unsupported
2023-09-05 21:11:50 0 [Note] InnoDB: Starting shutdown...
2023-09-05 21:11:51 0 [ERROR] Plugin 'InnoDB' registration as a STORAGE ENGINE failed.
2023-09-05 21:11:51 0 [Note] Plugin 'FEEDBACK' is disabled.
2023-09-05 21:11:51 0 [ERROR] Unknown/unsupported storage engine: InnoDB
2023-09-05 21:11:51 0 [ERROR] Aborting
2023-09-05 21:12:23 0 [Note] Starting MariaDB 10.11.5-MariaDB-1:10.11.5+maria~ubu2204-log source revision 7875294b6b74b53dd3aaa723e6cc103d2bb47b2c as process 55
2023-09-05 21:12:23 0 [Note] InnoDB: Compressed tables use zlib 1.2.11
2023-09-05 21:12:23 0 [Note] InnoDB: Number of transaction pools: 1
2023-09-05 21:12:23 0 [Note] InnoDB: Using crc32 + pclmulqdq instructions
2023-09-05 21:12:23 0 [Note] mariadbd: O_TMPFILE is not supported on /tmp (disabling future attempts)
2023-09-05 21:12:23 0 [Note] InnoDB: Using liburing
2023-09-05 21:12:23 0 [Note] InnoDB: Initializing buffer pool, total size = 128.000MiB, chunk size = 2.000MiB
2023-09-05 21:12:23 0 [Note] InnoDB: Completed initialization of buffer pool
2023-09-05 21:12:23 0 [ERROR] InnoDB: MySQL-8.0 tablespace in ./ibdata1
2023-09-05 21:12:23 0 [ERROR] InnoDB: Restart in MySQL for migration/recovery.
2023-09-05 21:12:23 0 [ERROR] InnoDB: Plugin initialization aborted with error Unsupported
2023-09-05 21:12:23 0 [Note] InnoDB: Starting shutdown...
2023-09-05 21:12:23 0 [ERROR] Plugin 'InnoDB' registration as a STORAGE ENGINE failed.
2023-09-05 21:12:23 0 [Note] Plugin 'FEEDBACK' is disabled.
2023-09-05 21:12:23 0 [ERROR] Unknown/unsupported storage engine: InnoDB
2023-09-05 21:12:23 0 [ERROR] Aborting
2023-09-05 21:12:46 0 [Note] Starting MariaDB 10.11.5-MariaDB-1:10.11.5+maria~ubu2204-log source revision 7875294b6b74b53dd3aaa723e6cc103d2bb47b2c as process 55
2023-09-05 21:12:46 0 [Note] InnoDB: Compressed tables use zlib 1.2.11
2023-09-05 21:12:46 0 [Note] InnoDB: Number of transaction pools: 1
2023-09-05 21:12:46 0 [Note] InnoDB: Using crc32 + pclmulqdq instructions
2023-09-05 21:12:46 0 [Note] mariadbd: O_TMPFILE is not supported on /tmp (disabling future attempts)
2023-09-05 21:12:46 0 [Note] InnoDB: Using liburing
2023-09-05 21:12:46 0 [Note] InnoDB: Initializing buffer pool, total size = 128.000MiB, chunk size = 2.000MiB
2023-09-05 21:12:46 0 [Note] InnoDB: Completed initialization of buffer pool
2023-09-05 21:12:46 0 [ERROR] InnoDB: MySQL-8.0 tablespace in ./ibdata1
2023-09-05 21:12:46 0 [ERROR] InnoDB: Restart in MySQL for migration/recovery.
2023-09-05 21:12:46 0 [ERROR] InnoDB: Plugin initialization aborted with error Unsupported
2023-09-05 21:12:46 0 [Note] InnoDB: Starting shutdown...
2023-09-05 21:12:46 0 [ERROR] Plugin 'InnoDB' registration as a STORAGE ENGINE failed.
2023-09-05 21:12:46 0 [Note] Plugin 'FEEDBACK' is disabled.
2023-09-05 21:12:46 0 [ERROR] Unknown/unsupported storage engine: InnoDB
2023-09-05 21:12:46 0 [ERROR] Aborting
2023-09-05 21:13:18 0 [Note] Starting MariaDB 10.11.5-MariaDB-1:10.11.5+maria~ubu2204-log source revision 7875294b6b74b53dd3aaa723e6cc103d2bb47b2c as process 55
2023-09-05 21:13:18 0 [Note] InnoDB: Compressed tables use zlib 1.2.11
2023-09-05 21:13:18 0 [Note] InnoDB: Number of transaction pools: 1
2023-09-05 21:13:18 0 [Note] InnoDB: Using crc32 + pclmulqdq instructions
2023-09-05 21:13:18 0 [Note] mariadbd: O_TMPFILE is not supported on /tmp (disabling future attempts)
2023-09-05 21:13:18 0 [Note] InnoDB: Using liburing
2023-09-05 21:13:18 0 [Note] InnoDB: Initializing buffer pool, total size = 128.000MiB, chunk size = 2.000MiB
2023-09-05 21:13:19 0 [Note] InnoDB: Completed initialization of buffer pool
2023-09-05 21:13:19 0 [ERROR] InnoDB: MySQL-8.0 tablespace in ./ibdata1
2023-09-05 21:13:19 0 [ERROR] InnoDB: Restart in MySQL for migration/recovery.
2023-09-05 21:13:19 0 [ERROR] InnoDB: Plugin initialization aborted with error Unsupported
2023-09-05 21:13:19 0 [Note] InnoDB: Starting shutdown...
2023-09-05 21:13:19 0 [ERROR] Plugin 'InnoDB' registration as a STORAGE ENGINE failed.
2023-09-05 21:13:19 0 [Note] Plugin 'FEEDBACK' is disabled.
2023-09-05 21:13:19 0 [ERROR] Unknown/unsupported storage engine: InnoDB
2023-09-05 21:13:19 0 [ERROR] Aborting
2023-09-05 21:14:20 0 [Note] Starting MariaDB 10.11.5-MariaDB-1:10.11.5+maria~ubu2204-log source revision 7875294b6b74b53dd3aaa723e6cc103d2bb47b2c as process 55
2023-09-05 21:14:20 0 [Note] InnoDB: Compressed tables use zlib 1.2.11
2023-09-05 21:14:20 0 [Note] InnoDB: Number of transaction pools: 1
2023-09-05 21:14:20 0 [Note] InnoDB: Using crc32 + pclmulqdq instructions
2023-09-05 21:14:20 0 [Note] mariadbd: O_TMPFILE is not supported on /tmp (disabling future attempts)
2023-09-05 21:14:20 0 [Note] InnoDB: Using liburing
2023-09-05 21:14:20 0 [Note] InnoDB: Initializing buffer pool, total size = 128.000MiB, chunk size = 2.000MiB
2023-09-05 21:14:20 0 [Note] InnoDB: Completed initialization of buffer pool
2023-09-05 21:14:20 0 [ERROR] InnoDB: MySQL-8.0 tablespace in ./ibdata1
2023-09-05 21:14:20 0 [ERROR] InnoDB: Restart in MySQL for migration/recovery.
2023-09-05 21:14:20 0 [ERROR] InnoDB: Plugin initialization aborted with error Unsupported
2023-09-05 21:14:20 0 [Note] InnoDB: Starting shutdown...
2023-09-05 21:14:20 0 [ERROR] Plugin 'InnoDB' registration as a STORAGE ENGINE failed.
2023-09-05 21:14:20 0 [Note] Plugin 'FEEDBACK' is disabled.
2023-09-05 21:14:20 0 [ERROR] Unknown/unsupported storage engine: InnoDB
2023-09-05 21:14:20 0 [ERROR] Aborting
2023-09-05 21:14:52 0 [Note] Starting MariaDB 10.11.5-MariaDB-1:10.11.5+maria~ubu2204-log source revision 7875294b6b74b53dd3aaa723e6cc103d2bb47b2c as process 55
2023-09-05 21:14:52 0 [Note] InnoDB: Compressed tables use zlib 1.2.11
2023-09-05 21:14:52 0 [Note] InnoDB: Number of transaction pools: 1
2023-09-05 21:14:52 0 [Note] InnoDB: Using crc32 + pclmulqdq instructions
2023-09-05 21:14:52 0 [Note] mariadbd: O_TMPFILE is not supported on /tmp (disabling future attempts)
2023-09-05 21:14:52 0 [Note] InnoDB: Using liburing
2023-09-05 21:14:52 0 [Note] InnoDB: Initializing buffer pool, total size = 128.000MiB, chunk size = 2.000MiB
2023-09-05 21:14:52 0 [Note] InnoDB: Completed initialization of buffer pool
2023-09-05 21:14:52 0 [ERROR] InnoDB: MySQL-8.0 tablespace in ./ibdata1
2023-09-05 21:14:52 0 [ERROR] InnoDB: Restart in MySQL for migration/recovery.
2023-09-05 21:14:52 0 [ERROR] InnoDB: Plugin initialization aborted with error Unsupported
2023-09-05 21:14:52 0 [Note] InnoDB: Starting shutdown...
2023-09-05 21:14:52 0 [ERROR] Plugin 'InnoDB' registration as a STORAGE ENGINE failed.
2023-09-05 21:14:52 0 [Note] Plugin 'FEEDBACK' is disabled.
2023-09-05 21:14:53 0 [ERROR] Unknown/unsupported storage engine: InnoDB
2023-09-05 21:14:53 0 [ERROR] Aborting
2023-09-05 21:16:09 0 [Note] Starting MariaDB 10.11.5-MariaDB-1:10.11.5+maria~ubu2204-log source revision 7875294b6b74b53dd3aaa723e6cc103d2bb47b2c as process 55
2023-09-05 21:16:09 0 [Note] InnoDB: Compressed tables use zlib 1.2.11
2023-09-05 21:16:09 0 [Note] InnoDB: Number of transaction pools: 1
2023-09-05 21:16:09 0 [Note] InnoDB: Using crc32 + pclmulqdq instructions
2023-09-05 21:16:09 0 [Note] mariadbd: O_TMPFILE is not supported on /tmp (disabling future attempts)
2023-09-05 21:16:09 0 [Note] InnoDB: Using liburing
2023-09-05 21:16:09 0 [Note] InnoDB: Initializing buffer pool, total size = 128.000MiB, chunk size = 2.000MiB
2023-09-05 21:16:09 0 [Note] InnoDB: Completed initialization of buffer pool
2023-09-05 21:16:09 0 [ERROR] InnoDB: MySQL-8.0 tablespace in ./ibdata1
2023-09-05 21:16:09 0 [ERROR] InnoDB: Restart in MySQL for migration/recovery.
2023-09-05 21:16:09 0 [ERROR] InnoDB: Plugin initialization aborted with error Unsupported
2023-09-05 21:16:09 0 [Note] InnoDB: Starting shutdown...
2023-09-05 21:16:09 0 [ERROR] Plugin 'InnoDB' registration as a STORAGE ENGINE failed.
2023-09-05 21:16:09 0 [Note] Plugin 'FEEDBACK' is disabled.
2023-09-05 21:16:09 0 [ERROR] Unknown/unsupported storage engine: InnoDB
2023-09-05 21:16:09 0 [ERROR] Aborting
2023-09-05 21:16:42 0 [Note] Starting MariaDB 10.11.5-MariaDB-1:10.11.5+maria~ubu2204-log source revision 7875294b6b74b53dd3aaa723e6cc103d2bb47b2c as process 55
2023-09-05 21:16:42 0 [Note] InnoDB: Compressed tables use zlib 1.2.11
2023-09-05 21:16:42 0 [Note] InnoDB: Number of transaction pools: 1
2023-09-05 21:16:42 0 [Note] InnoDB: Using crc32 + pclmulqdq instructions
2023-09-05 21:16:42 0 [Note] mariadbd: O_TMPFILE is not supported on /tmp (disabling future attempts)
2023-09-05 21:16:42 0 [Note] InnoDB: Using liburing
2023-09-05 21:16:42 0 [Note] InnoDB: Initializing buffer pool, total size = 128.000MiB, chunk size = 2.000MiB
2023-09-05 21:16:42 0 [Note] InnoDB: Completed initialization of buffer pool
2023-09-05 21:16:42 0 [ERROR] InnoDB: MySQL-8.0 tablespace in ./ibdata1
2023-09-05 21:16:42 0 [ERROR] InnoDB: Restart in MySQL for migration/recovery.
2023-09-05 21:16:42 0 [ERROR] InnoDB: Plugin initialization aborted with error Unsupported
2023-09-05 21:16:42 0 [Note] InnoDB: Starting shutdown...
2023-09-05 21:16:42 0 [ERROR] Plugin 'InnoDB' registration as a STORAGE ENGINE failed.
2023-09-05 21:16:42 0 [Note] Plugin 'FEEDBACK' is disabled.
2023-09-05 21:16:42 0 [ERROR] Unknown/unsupported storage engine: InnoDB
2023-09-05 21:16:42 0 [ERROR] Aborting
2023-09-05 21:19:20 0 [Note] Starting MariaDB 11.1.2-MariaDB-1:11.1.2+maria~ubu2204-log source revision 9bc25d98209df6810f7a7d5e7dd3ae677a313ab5 as process 55
2023-09-05 21:19:20 0 [Note] InnoDB: Compressed tables use zlib 1.2.11
2023-09-05 21:19:20 0 [Note] InnoDB: Number of transaction pools: 1
2023-09-05 21:19:20 0 [Note] InnoDB: Using crc32 + pclmulqdq instructions
2023-09-05 21:19:20 0 [Note] mariadbd: O_TMPFILE is not supported on /tmp (disabling future attempts)
2023-09-05 21:19:20 0 [Note] InnoDB: Using liburing
2023-09-05 21:19:20 0 [Note] InnoDB: Initializing buffer pool, total size = 128.000MiB, chunk size = 2.000MiB
2023-09-05 21:19:20 0 [Note] InnoDB: Completed initialization of buffer pool
2023-09-05 21:19:20 0 [ERROR] InnoDB: MySQL-8.0 tablespace in ./ibdata1
2023-09-05 21:19:20 0 [ERROR] InnoDB: Restart in MySQL for migration/recovery.
2023-09-05 21:19:20 0 [ERROR] InnoDB: Plugin initialization aborted with error Unsupported
2023-09-05 21:19:20 0 [Note] InnoDB: Starting shutdown...
2023-09-05 21:19:20 0 [ERROR] Plugin 'InnoDB' registration as a STORAGE ENGINE failed.
2023-09-05 21:19:20 0 [Note] Plugin 'FEEDBACK' is disabled.
2023-09-05 21:19:20 0 [Note] Plugin 'wsrep-provider' is disabled.
2023-09-05 21:19:20 0 [ERROR] Unknown/unsupported storage engine: InnoDB
2023-09-05 21:19:20 0 [ERROR] Aborting
2023-09-05 21:19:53 0 [Note] Starting MariaDB 11.1.2-MariaDB-1:11.1.2+maria~ubu2204-log source revision 9bc25d98209df6810f7a7d5e7dd3ae677a313ab5 as process 55
2023-09-05 21:19:53 0 [Note] InnoDB: Compressed tables use zlib 1.2.11
2023-09-05 21:19:53 0 [Note] InnoDB: Number of transaction pools: 1
2023-09-05 21:19:53 0 [Note] InnoDB: Using crc32 + pclmulqdq instructions
2023-09-05 21:19:53 0 [Note] mariadbd: O_TMPFILE is not supported on /tmp (disabling future attempts)
2023-09-05 21:19:53 0 [Note] InnoDB: Using liburing
2023-09-05 21:19:53 0 [Note] InnoDB: Initializing buffer pool, total size = 128.000MiB, chunk size = 2.000MiB
2023-09-05 21:19:53 0 [Note] InnoDB: Completed initialization of buffer pool
2023-09-05 21:19:53 0 [ERROR] InnoDB: MySQL-8.0 tablespace in ./ibdata1
2023-09-05 21:19:53 0 [ERROR] InnoDB: Restart in MySQL for migration/recovery.
2023-09-05 21:19:53 0 [ERROR] InnoDB: Plugin initialization aborted with error Unsupported
2023-09-05 21:19:53 0 [Note] InnoDB: Starting shutdown...
2023-09-05 21:19:53 0 [ERROR] Plugin 'InnoDB' registration as a STORAGE ENGINE failed.
2023-09-05 21:19:53 0 [Note] Plugin 'FEEDBACK' is disabled.
2023-09-05 21:19:53 0 [Note] Plugin 'wsrep-provider' is disabled.
2023-09-05 21:19:53 0 [ERROR] Unknown/unsupported storage engine: InnoDB
2023-09-05 21:19:53 0 [ERROR] Aborting
2023-09-05 21:20:25 0 [Note] Starting MariaDB 11.1.2-MariaDB-1:11.1.2+maria~ubu2204-log source revision 9bc25d98209df6810f7a7d5e7dd3ae677a313ab5 as process 55
2023-09-05 21:20:25 0 [Note] InnoDB: Compressed tables use zlib 1.2.11
2023-09-05 21:20:25 0 [Note] InnoDB: Number of transaction pools: 1
2023-09-05 21:20:25 0 [Note] InnoDB: Using crc32 + pclmulqdq instructions
2023-09-05 21:20:25 0 [Note] mariadbd: O_TMPFILE is not supported on /tmp (disabling future attempts)
2023-09-05 21:20:25 0 [Note] InnoDB: Using liburing
2023-09-05 21:20:25 0 [Note] InnoDB: Initializing buffer pool, total size = 128.000MiB, chunk size = 2.000MiB
2023-09-05 21:20:25 0 [Note] InnoDB: Completed initialization of buffer pool
2023-09-05 21:20:25 0 [ERROR] InnoDB: MySQL-8.0 tablespace in ./ibdata1
2023-09-05 21:20:25 0 [ERROR] InnoDB: Restart in MySQL for migration/recovery.
2023-09-05 21:20:25 0 [ERROR] InnoDB: Plugin initialization aborted with error Unsupported
2023-09-05 21:20:25 0 [Note] InnoDB: Starting shutdown...
2023-09-05 21:20:26 0 [ERROR] Plugin 'InnoDB' registration as a STORAGE ENGINE failed.
2023-09-05 21:20:26 0 [Note] Plugin 'FEEDBACK' is disabled.
2023-09-05 21:20:26 0 [Note] Plugin 'wsrep-provider' is disabled.
2023-09-05 21:20:26 0 [ERROR] Unknown/unsupported storage engine: InnoDB
2023-09-05 21:20:26 0 [ERROR] Aborting
2023-09-05 21:20:58 0 [Note] Starting MariaDB 11.1.2-MariaDB-1:11.1.2+maria~ubu2204-log source revision 9bc25d98209df6810f7a7d5e7dd3ae677a313ab5 as process 55
2023-09-05 21:20:58 0 [Note] InnoDB: Compressed tables use zlib 1.2.11
2023-09-05 21:20:58 0 [Note] InnoDB: Number of transaction pools: 1
2023-09-05 21:20:58 0 [Note] InnoDB: Using crc32 + pclmulqdq instructions
2023-09-05 21:20:58 0 [Note] mariadbd: O_TMPFILE is not supported on /tmp (disabling future attempts)
2023-09-05 21:20:58 0 [Note] InnoDB: Using liburing
2023-09-05 21:20:58 0 [Note] InnoDB: Initializing buffer pool, total size = 128.000MiB, chunk size = 2.000MiB
2023-09-05 21:20:58 0 [Note] InnoDB: Completed initialization of buffer pool
2023-09-05 21:20:58 0 [ERROR] InnoDB: MySQL-8.0 tablespace in ./ibdata1
2023-09-05 21:20:58 0 [ERROR] InnoDB: Restart in MySQL for migration/recovery.
2023-09-05 21:20:58 0 [ERROR] InnoDB: Plugin initialization aborted with error Unsupported
2023-09-05 21:20:58 0 [Note] InnoDB: Starting shutdown...
2023-09-05 21:20:58 0 [ERROR] Plugin 'InnoDB' registration as a STORAGE ENGINE failed.
2023-09-05 21:20:58 0 [Note] Plugin 'FEEDBACK' is disabled.
2023-09-05 21:20:58 0 [Note] Plugin 'wsrep-provider' is disabled.
2023-09-05 21:20:58 0 [ERROR] Unknown/unsupported storage engine: InnoDB
2023-09-05 21:20:58 0 [ERROR] Aborting
2023-09-05 21:21:31 0 [Note] Starting MariaDB 11.1.2-MariaDB-1:11.1.2+maria~ubu2204-log source revision 9bc25d98209df6810f7a7d5e7dd3ae677a313ab5 as process 54
2023-09-05 21:21:31 0 [Note] InnoDB: Compressed tables use zlib 1.2.11
2023-09-05 21:21:31 0 [Note] InnoDB: Number of transaction pools: 1
2023-09-05 21:21:31 0 [Note] InnoDB: Using crc32 + pclmulqdq instructions
2023-09-05 21:21:31 0 [Note] mariadbd: O_TMPFILE is not supported on /tmp (disabling future attempts)
2023-09-05 21:21:31 0 [Note] InnoDB: Using liburing
2023-09-05 21:21:31 0 [Note] InnoDB: Initializing buffer pool, total size = 128.000MiB, chunk size = 2.000MiB
2023-09-05 21:21:31 0 [Note] InnoDB: Completed initialization of buffer pool
2023-09-05 21:21:31 0 [ERROR] InnoDB: MySQL-8.0 tablespace in ./ibdata1
2023-09-05 21:21:31 0 [ERROR] InnoDB: Restart in MySQL for migration/recovery.
2023-09-05 21:21:31 0 [ERROR] InnoDB: Plugin initialization aborted with error Unsupported
2023-09-05 21:21:31 0 [Note] InnoDB: Starting shutdown...
2023-09-05 21:21:31 0 [ERROR] Plugin 'InnoDB' registration as a STORAGE ENGINE failed.
2023-09-05 21:21:31 0 [Note] Plugin 'FEEDBACK' is disabled.
2023-09-05 21:21:31 0 [Note] Plugin 'wsrep-provider' is disabled.
2023-09-05 21:21:31 0 [ERROR] Unknown/unsupported storage engine: InnoDB
2023-09-05 21:21:31 0 [ERROR] Aborting
2023-09-05 21:22:03 0 [Note] Starting MariaDB 11.1.2-MariaDB-1:11.1.2+maria~ubu2204-log source revision 9bc25d98209df6810f7a7d5e7dd3ae677a313ab5 as process 55
2023-09-05 21:22:03 0 [Note] InnoDB: Compressed tables use zlib 1.2.11
2023-09-05 21:22:03 0 [Note] InnoDB: Number of transaction pools: 1
2023-09-05 21:22:03 0 [Note] InnoDB: Using crc32 + pclmulqdq instructions
2023-09-05 21:22:03 0 [Note] mariadbd: O_TMPFILE is not supported on /tmp (disabling future attempts)
2023-09-05 21:22:03 0 [Note] InnoDB: Using liburing
2023-09-05 21:22:03 0 [Note] InnoDB: Initializing buffer pool, total size = 128.000MiB, chunk size = 2.000MiB
2023-09-05 21:22:03 0 [Note] InnoDB: Completed initialization of buffer pool
2023-09-05 21:22:03 0 [ERROR] InnoDB: MySQL-8.0 tablespace in ./ibdata1
2023-09-05 21:22:03 0 [ERROR] InnoDB: Restart in MySQL for migration/recovery.
2023-09-05 21:22:03 0 [ERROR] InnoDB: Plugin initialization aborted with error Unsupported
2023-09-05 21:22:03 0 [Note] InnoDB: Starting shutdown...
2023-09-05 21:22:04 0 [ERROR] Plugin 'InnoDB' registration as a STORAGE ENGINE failed.
2023-09-05 21:22:04 0 [Note] Plugin 'FEEDBACK' is disabled.
2023-09-05 21:22:04 0 [Note] Plugin 'wsrep-provider' is disabled.
2023-09-05 21:22:04 0 [ERROR] Unknown/unsupported storage engine: InnoDB
2023-09-05 21:22:04 0 [ERROR] Aborting
2023-09-05 21:22:36 0 [Note] Starting MariaDB 11.1.2-MariaDB-1:11.1.2+maria~ubu2204-log source revision 9bc25d98209df6810f7a7d5e7dd3ae677a313ab5 as process 55
2023-09-05 21:22:36 0 [Note] InnoDB: Compressed tables use zlib 1.2.11
2023-09-05 21:22:36 0 [Note] InnoDB: Number of transaction pools: 1
2023-09-05 21:22:36 0 [Note] InnoDB: Using crc32 + pclmulqdq instructions
2023-09-05 21:22:36 0 [Note] mariadbd: O_TMPFILE is not supported on /tmp (disabling future attempts)
2023-09-05 21:22:36 0 [Note] InnoDB: Using liburing
2023-09-05 21:22:36 0 [Note] InnoDB: Initializing buffer pool, total size = 128.000MiB, chunk size = 2.000MiB
2023-09-05 21:22:36 0 [Note] InnoDB: Completed initialization of buffer pool
2023-09-05 21:22:36 0 [ERROR] InnoDB: MySQL-8.0 tablespace in ./ibdata1
2023-09-05 21:22:36 0 [ERROR] InnoDB: Restart in MySQL for migration/recovery.
2023-09-05 21:22:36 0 [ERROR] InnoDB: Plugin initialization aborted with error Unsupported
2023-09-05 21:22:36 0 [Note] InnoDB: Starting shutdown...
2023-09-05 21:22:36 0 [ERROR] Plugin 'InnoDB' registration as a STORAGE ENGINE failed.
2023-09-05 21:22:36 0 [Note] Plugin 'FEEDBACK' is disabled.
2023-09-05 21:22:36 0 [Note] Plugin 'wsrep-provider' is disabled.
2023-09-05 21:22:36 0 [ERROR] Unknown/unsupported storage engine: InnoDB
2023-09-05 21:22:36 0 [ERROR] Aborting
2023-09-05 21:23:50 0 [Note] Starting MariaDB 10.11.5-MariaDB-1:10.11.5+maria~ubu2204-log source revision 7875294b6b74b53dd3aaa723e6cc103d2bb47b2c as process 56
2023-09-05 21:23:50 0 [Note] InnoDB: Compressed tables use zlib 1.2.11
2023-09-05 21:23:50 0 [Note] InnoDB: Number of transaction pools: 1
2023-09-05 21:23:50 0 [Note] InnoDB: Using crc32 + pclmulqdq instructions
2023-09-05 21:23:50 0 [Note] mariadbd: O_TMPFILE is not supported on /tmp (disabling future attempts)
2023-09-05 21:23:50 0 [Note] InnoDB: Using liburing
2023-09-05 21:23:50 0 [Note] InnoDB: Initializing buffer pool, total size = 128.000MiB, chunk size = 2.000MiB
2023-09-05 21:23:50 0 [Note] InnoDB: Completed initialization of buffer pool
2023-09-05 21:23:50 0 [ERROR] InnoDB: MySQL-8.0 tablespace in ./ibdata1
2023-09-05 21:23:50 0 [ERROR] InnoDB: Restart in MySQL for migration/recovery.
2023-09-05 21:23:50 0 [ERROR] InnoDB: Plugin initialization aborted with error Unsupported
2023-09-05 21:23:50 0 [Note] InnoDB: Starting shutdown...
2023-09-05 21:23:50 0 [ERROR] Plugin 'InnoDB' registration as a STORAGE ENGINE failed.
2023-09-05 21:23:50 0 [Note] Plugin 'FEEDBACK' is disabled.
2023-09-05 21:23:50 0 [ERROR] Unknown/unsupported storage engine: InnoDB
2023-09-05 21:23:50 0 [ERROR] Aborting
2023-09-05 21:24:22 0 [Note] Starting MariaDB 10.11.5-MariaDB-1:10.11.5+maria~ubu2204-log source revision 7875294b6b74b53dd3aaa723e6cc103d2bb47b2c as process 55
2023-09-05 21:24:22 0 [Note] InnoDB: Compressed tables use zlib 1.2.11
2023-09-05 21:24:22 0 [Note] InnoDB: Number of transaction pools: 1
2023-09-05 21:24:22 0 [Note] InnoDB: Using crc32 + pclmulqdq instructions
2023-09-05 21:24:22 0 [Note] mariadbd: O_TMPFILE is not supported on /tmp (disabling future attempts)
2023-09-05 21:24:22 0 [Note] InnoDB: Using liburing
2023-09-05 21:24:22 0 [Note] InnoDB: Initializing buffer pool, total size = 128.000MiB, chunk size = 2.000MiB
2023-09-05 21:24:22 0 [Note] InnoDB: Completed initialization of buffer pool
2023-09-05 21:24:22 0 [ERROR] InnoDB: MySQL-8.0 tablespace in ./ibdata1
2023-09-05 21:24:22 0 [ERROR] InnoDB: Restart in MySQL for migration/recovery.
2023-09-05 21:24:22 0 [ERROR] InnoDB: Plugin initialization aborted with error Unsupported
2023-09-05 21:24:22 0 [Note] InnoDB: Starting shutdown...
2023-09-05 21:24:23 0 [ERROR] Plugin 'InnoDB' registration as a STORAGE ENGINE failed.
2023-09-05 21:24:23 0 [Note] Plugin 'FEEDBACK' is disabled.
2023-09-05 21:24:23 0 [ERROR] Unknown/unsupported storage engine: InnoDB
2023-09-05 21:24:23 0 [ERROR] Aborting
2023-09-05 21:24:55 0 [Note] Starting MariaDB 10.11.5-MariaDB-1:10.11.5+maria~ubu2204-log source revision 7875294b6b74b53dd3aaa723e6cc103d2bb47b2c as process 55
2023-09-05 21:24:55 0 [Note] InnoDB: Compressed tables use zlib 1.2.11
2023-09-05 21:24:55 0 [Note] InnoDB: Number of transaction pools: 1
2023-09-05 21:24:55 0 [Note] InnoDB: Using crc32 + pclmulqdq instructions
2023-09-05 21:24:55 0 [Note] mariadbd: O_TMPFILE is not supported on /tmp (disabling future attempts)
2023-09-05 21:24:55 0 [Note] InnoDB: Using liburing
2023-09-05 21:24:55 0 [Note] InnoDB: Initializing buffer pool, total size = 128.000MiB, chunk size = 2.000MiB
2023-09-05 21:24:55 0 [Note] InnoDB: Completed initialization of buffer pool
2023-09-05 21:24:55 0 [ERROR] InnoDB: MySQL-8.0 tablespace in ./ibdata1
2023-09-05 21:24:55 0 [ERROR] InnoDB: Restart in MySQL for migration/recovery.
2023-09-05 21:24:55 0 [ERROR] InnoDB: Plugin initialization aborted with error Unsupported
2023-09-05 21:24:55 0 [Note] InnoDB: Starting shutdown...
2023-09-05 21:24:55 0 [ERROR] Plugin 'InnoDB' registration as a STORAGE ENGINE failed.
2023-09-05 21:24:55 0 [Note] Plugin 'FEEDBACK' is disabled.
2023-09-05 21:24:55 0 [ERROR] Unknown/unsupported storage engine: InnoDB
2023-09-05 21:24:55 0 [ERROR] Aborting
2023-09-05 21:25:28 0 [Note] Starting MariaDB 10.11.5-MariaDB-1:10.11.5+maria~ubu2204-log source revision 7875294b6b74b53dd3aaa723e6cc103d2bb47b2c as process 55
2023-09-05 21:25:28 0 [Note] InnoDB: Compressed tables use zlib 1.2.11
2023-09-05 21:25:28 0 [Note] InnoDB: Number of transaction pools: 1
2023-09-05 21:25:28 0 [Note] InnoDB: Using crc32 + pclmulqdq instructions
2023-09-05 21:25:28 0 [Note] mariadbd: O_TMPFILE is not supported on /tmp (disabling future attempts)
2023-09-05 21:25:28 0 [Note] InnoDB: Using liburing
2023-09-05 21:25:28 0 [Note] InnoDB: Initializing buffer pool, total size = 128.000MiB, chunk size = 2.000MiB
2023-09-05 21:25:28 0 [Note] InnoDB: Completed initialization of buffer pool
2023-09-05 21:25:28 0 [ERROR] InnoDB: MySQL-8.0 tablespace in ./ibdata1
2023-09-05 21:25:28 0 [ERROR] InnoDB: Restart in MySQL for migration/recovery.
2023-09-05 21:25:28 0 [ERROR] InnoDB: Plugin initialization aborted with error Unsupported
2023-09-05 21:25:28 0 [Note] InnoDB: Starting shutdown...
2023-09-05 21:25:28 0 [ERROR] Plugin 'InnoDB' registration as a STORAGE ENGINE failed.
2023-09-05 21:25:28 0 [Note] Plugin 'FEEDBACK' is disabled.
2023-09-05 21:25:28 0 [ERROR] Unknown/unsupported storage engine: InnoDB
2023-09-05 21:25:28 0 [ERROR] Aborting
2023-09-05 21:25:49 0 [Note] Starting MariaDB 10.11.5-MariaDB-1:10.11.5+maria~ubu2204-log source revision 7875294b6b74b53dd3aaa723e6cc103d2bb47b2c as process 55
2023-09-05 21:25:49 0 [Note] InnoDB: Compressed tables use zlib 1.2.11
2023-09-05 21:25:49 0 [Note] InnoDB: Number of transaction pools: 1
2023-09-05 21:25:49 0 [Note] InnoDB: Using crc32 + pclmulqdq instructions
2023-09-05 21:25:49 0 [Note] mariadbd: O_TMPFILE is not supported on /tmp (disabling future attempts)
2023-09-05 21:25:49 0 [Note] InnoDB: Using liburing
2023-09-05 21:25:49 0 [Note] InnoDB: Initializing buffer pool, total size = 128.000MiB, chunk size = 2.000MiB
2023-09-05 21:25:49 0 [Note] InnoDB: Completed initialization of buffer pool
2023-09-05 21:25:49 0 [ERROR] InnoDB: MySQL-8.0 tablespace in ./ibdata1
2023-09-05 21:25:49 0 [ERROR] InnoDB: Restart in MySQL for migration/recovery.
2023-09-05 21:25:49 0 [ERROR] InnoDB: Plugin initialization aborted with error Unsupported
2023-09-05 21:25:49 0 [Note] InnoDB: Starting shutdown...
2023-09-05 21:25:50 0 [ERROR] Plugin 'InnoDB' registration as a STORAGE ENGINE failed.
2023-09-05 21:25:50 0 [Note] Plugin 'FEEDBACK' is disabled.
2023-09-05 21:25:50 0 [ERROR] Unknown/unsupported storage engine: InnoDB
2023-09-05 21:25:50 0 [ERROR] Aborting
2023-09-05 21:26:22 0 [Note] Starting MariaDB 10.11.5-MariaDB-1:10.11.5+maria~ubu2204-log source revision 7875294b6b74b53dd3aaa723e6cc103d2bb47b2c as process 55
2023-09-05 21:26:22 0 [Note] InnoDB: Compressed tables use zlib 1.2.11
2023-09-05 21:26:22 0 [Note] InnoDB: Number of transaction pools: 1
2023-09-05 21:26:22 0 [Note] InnoDB: Using crc32 + pclmulqdq instructions
2023-09-05 21:26:22 0 [Note] mariadbd: O_TMPFILE is not supported on /tmp (disabling future attempts)
2023-09-05 21:26:22 0 [Note] InnoDB: Using liburing
2023-09-05 21:26:22 0 [Note] InnoDB: Initializing buffer pool, total size = 128.000MiB, chunk size = 2.000MiB
2023-09-05 21:26:22 0 [Note] InnoDB: Completed initialization of buffer pool
2023-09-05 21:26:22 0 [ERROR] InnoDB: MySQL-8.0 tablespace in ./ibdata1
2023-09-05 21:26:22 0 [ERROR] InnoDB: Restart in MySQL for migration/recovery.
2023-09-05 21:26:22 0 [ERROR] InnoDB: Plugin initialization aborted with error Unsupported
2023-09-05 21:26:22 0 [Note] InnoDB: Starting shutdown...
2023-09-05 21:26:22 0 [ERROR] Plugin 'InnoDB' registration as a STORAGE ENGINE failed.
2023-09-05 21:26:22 0 [Note] Plugin 'FEEDBACK' is disabled.
2023-09-05 21:26:22 0 [ERROR] Unknown/unsupported storage engine: InnoDB
2023-09-05 21:26:22 0 [ERROR] Aborting
2023-09-05 21:27:31 0 [Note] Starting MariaDB 10.11.5-MariaDB-1:10.11.5+maria~ubu2204-log source revision 7875294b6b74b53dd3aaa723e6cc103d2bb47b2c as process 55
2023-09-05 21:27:31 0 [Note] InnoDB: Compressed tables use zlib 1.2.11
2023-09-05 21:27:31 0 [Note] InnoDB: Number of transaction pools: 1
2023-09-05 21:27:31 0 [Note] InnoDB: Using crc32 + pclmulqdq instructions
2023-09-05 21:27:31 0 [Note] mariadbd: O_TMPFILE is not supported on /tmp (disabling future attempts)
2023-09-05 21:27:31 0 [Note] InnoDB: Using liburing
2023-09-05 21:27:31 0 [Note] InnoDB: Initializing buffer pool, total size = 128.000MiB, chunk size = 2.000MiB
2023-09-05 21:27:31 0 [Note] InnoDB: Completed initialization of buffer pool
2023-09-05 21:27:31 0 [ERROR] InnoDB: MySQL-8.0 tablespace in ./ibdata1
2023-09-05 21:27:31 0 [ERROR] InnoDB: Restart in MySQL for migration/recovery.
2023-09-05 21:27:31 0 [ERROR] InnoDB: Plugin initialization aborted with error Unsupported
2023-09-05 21:27:31 0 [Note] InnoDB: Starting shutdown...
2023-09-05 21:27:31 0 [ERROR] Plugin 'InnoDB' registration as a STORAGE ENGINE failed.
2023-09-05 21:27:31 0 [Note] Plugin 'FEEDBACK' is disabled.
2023-09-05 21:27:31 0 [ERROR] Unknown/unsupported storage engine: InnoDB
2023-09-05 21:27:31 0 [ERROR] Aborting
2023-09-05 21:28:04 0 [Note] Starting MariaDB 10.11.5-MariaDB-1:10.11.5+maria~ubu2204-log source revision 7875294b6b74b53dd3aaa723e6cc103d2bb47b2c as process 55
2023-09-05 21:28:04 0 [Note] InnoDB: Compressed tables use zlib 1.2.11
2023-09-05 21:28:04 0 [Note] InnoDB: Number of transaction pools: 1
2023-09-05 21:28:04 0 [Note] InnoDB: Using crc32 + pclmulqdq instructions
2023-09-05 21:28:04 0 [Note] mariadbd: O_TMPFILE is not supported on /tmp (disabling future attempts)
2023-09-05 21:28:04 0 [Note] InnoDB: Using liburing
2023-09-05 21:28:04 0 [Note] InnoDB: Initializing buffer pool, total size = 128.000MiB, chunk size = 2.000MiB
2023-09-05 21:28:04 0 [Note] InnoDB: Completed initialization of buffer pool
2023-09-05 21:28:04 0 [ERROR] InnoDB: MySQL-8.0 tablespace in ./ibdata1
2023-09-05 21:28:04 0 [ERROR] InnoDB: Restart in MySQL for migration/recovery.
2023-09-05 21:28:04 0 [ERROR] InnoDB: Plugin initialization aborted with error Unsupported
2023-09-05 21:28:04 0 [Note] InnoDB: Starting shutdown...
2023-09-05 21:28:04 0 [ERROR] Plugin 'InnoDB' registration as a STORAGE ENGINE failed.
2023-09-05 21:28:04 0 [Note] Plugin 'FEEDBACK' is disabled.
2023-09-05 21:28:04 0 [ERROR] Unknown/unsupported storage engine: InnoDB
2023-09-05 21:28:04 0 [ERROR] Aborting
2023-09-05 21:28:36 0 [Note] Starting MariaDB 10.11.5-MariaDB-1:10.11.5+maria~ubu2204-log source revision 7875294b6b74b53dd3aaa723e6cc103d2bb47b2c as process 55
2023-09-05 21:28:36 0 [Note] InnoDB: Compressed tables use zlib 1.2.11
2023-09-05 21:28:36 0 [Note] InnoDB: Number of transaction pools: 1
2023-09-05 21:28:36 0 [Note] InnoDB: Using crc32 + pclmulqdq instructions
2023-09-05 21:28:36 0 [Note] mariadbd: O_TMPFILE is not supported on /tmp (disabling future attempts)
2023-09-05 21:28:36 0 [Note] InnoDB: Using liburing
2023-09-05 21:28:36 0 [Note] InnoDB: Initializing buffer pool, total size = 128.000MiB, chunk size = 2.000MiB
2023-09-05 21:28:36 0 [Note] InnoDB: Completed initialization of buffer pool
2023-09-05 21:28:36 0 [ERROR] InnoDB: MySQL-8.0 tablespace in ./ibdata1
2023-09-05 21:28:36 0 [ERROR] InnoDB: Restart in MySQL for migration/recovery.
2023-09-05 21:28:36 0 [ERROR] InnoDB: Plugin initialization aborted with error Unsupported
2023-09-05 21:28:36 0 [Note] InnoDB: Starting shutdown...
2023-09-05 21:28:36 0 [ERROR] Plugin 'InnoDB' registration as a STORAGE ENGINE failed.
2023-09-05 21:28:36 0 [Note] Plugin 'FEEDBACK' is disabled.
2023-09-05 21:28:36 0 [ERROR] Unknown/unsupported storage engine: InnoDB
2023-09-05 21:28:36 0 [ERROR] Aborting
2023-09-05 21:29:09 0 [Note] Starting MariaDB 10.11.5-MariaDB-1:10.11.5+maria~ubu2204-log source revision 7875294b6b74b53dd3aaa723e6cc103d2bb47b2c as process 55
2023-09-05 21:29:09 0 [Note] InnoDB: Compressed tables use zlib 1.2.11
2023-09-05 21:29:09 0 [Note] InnoDB: Number of transaction pools: 1
2023-09-05 21:29:09 0 [Note] InnoDB: Using crc32 + pclmulqdq instructions
2023-09-05 21:29:09 0 [Note] mariadbd: O_TMPFILE is not supported on /tmp (disabling future attempts)
2023-09-05 21:29:09 0 [Note] InnoDB: Using liburing
2023-09-05 21:29:09 0 [Note] InnoDB: Initializing buffer pool, total size = 128.000MiB, chunk size = 2.000MiB
2023-09-05 21:29:09 0 [Note] InnoDB: Completed initialization of buffer pool
2023-09-05 21:29:09 0 [ERROR] InnoDB: MySQL-8.0 tablespace in ./ibdata1
2023-09-05 21:29:09 0 [ERROR] InnoDB: Restart in MySQL for migration/recovery.
2023-09-05 21:29:09 0 [ERROR] InnoDB: Plugin initialization aborted with error Unsupported
2023-09-05 21:29:09 0 [Note] InnoDB: Starting shutdown...
2023-09-05 21:29:09 0 [ERROR] Plugin 'InnoDB' registration as a STORAGE ENGINE failed.
2023-09-05 21:29:09 0 [Note] Plugin 'FEEDBACK' is disabled.
2023-09-05 21:29:09 0 [ERROR] Unknown/unsupported storage engine: InnoDB
2023-09-05 21:29:09 0 [ERROR] Aborting
2023-09-05 21:30:22 0 [Note] Starting MariaDB 10.11.5-MariaDB-1:10.11.5+maria~ubu2204-log source revision 7875294b6b74b53dd3aaa723e6cc103d2bb47b2c as process 55
2023-09-05 21:30:22 0 [Note] InnoDB: Compressed tables use zlib 1.2.11
2023-09-05 21:30:22 0 [Note] InnoDB: Number of transaction pools: 1
2023-09-05 21:30:22 0 [Note] InnoDB: Using crc32 + pclmulqdq instructions
2023-09-05 21:30:22 0 [Note] mariadbd: O_TMPFILE is not supported on /tmp (disabling future attempts)
2023-09-05 21:30:22 0 [Note] InnoDB: Using liburing
2023-09-05 21:30:22 0 [Note] InnoDB: Initializing buffer pool, total size = 128.000MiB, chunk size = 2.000MiB
2023-09-05 21:30:22 0 [Note] InnoDB: Completed initialization of buffer pool
2023-09-05 21:30:22 0 [ERROR] InnoDB: MySQL-8.0 tablespace in ./ibdata1
2023-09-05 21:30:22 0 [ERROR] InnoDB: Restart in MySQL for migration/recovery.
2023-09-05 21:30:22 0 [ERROR] InnoDB: Plugin initialization aborted with error Unsupported
2023-09-05 21:30:22 0 [Note] InnoDB: Starting shutdown...
2023-09-05 21:30:22 0 [ERROR] Plugin 'InnoDB' registration as a STORAGE ENGINE failed.
2023-09-05 21:30:22 0 [Note] Plugin 'FEEDBACK' is disabled.
2023-09-05 21:30:22 0 [ERROR] Unknown/unsupported storage engine: InnoDB
2023-09-05 21:30:22 0 [ERROR] Aborting
2023-09-05 21:31:13 0 [Note] Starting MariaDB 10.11.5-MariaDB-1:10.11.5+maria~ubu2204-log source revision 7875294b6b74b53dd3aaa723e6cc103d2bb47b2c as process 55
2023-09-05 21:31:13 0 [Note] InnoDB: Compressed tables use zlib 1.2.11
2023-09-05 21:31:13 0 [Note] InnoDB: Number of transaction pools: 1
2023-09-05 21:31:13 0 [Note] InnoDB: Using crc32 + pclmulqdq instructions
2023-09-05 21:31:13 0 [Note] mariadbd: O_TMPFILE is not supported on /tmp (disabling future attempts)
2023-09-05 21:31:13 0 [Note] InnoDB: Using liburing
2023-09-05 21:31:13 0 [Note] InnoDB: Initializing buffer pool, total size = 128.000MiB, chunk size = 2.000MiB
2023-09-05 21:31:13 0 [Note] InnoDB: Completed initialization of buffer pool
2023-09-05 21:31:13 0 [ERROR] InnoDB: MySQL-8.0 tablespace in ./ibdata1
2023-09-05 21:31:13 0 [ERROR] InnoDB: Restart in MySQL for migration/recovery.
2023-09-05 21:31:13 0 [ERROR] InnoDB: Plugin initialization aborted with error Unsupported
2023-09-05 21:31:13 0 [Note] InnoDB: Starting shutdown...
2023-09-05 21:31:13 0 [ERROR] Plugin 'InnoDB' registration as a STORAGE ENGINE failed.
2023-09-05 21:31:13 0 [Note] Plugin 'FEEDBACK' is disabled.
2023-09-05 21:31:13 0 [ERROR] Unknown/unsupported storage engine: InnoDB
2023-09-05 21:31:13 0 [ERROR] Aborting
2023-09-05 21:31:45 0 [Note] Starting MariaDB 10.11.5-MariaDB-1:10.11.5+maria~ubu2204-log source revision 7875294b6b74b53dd3aaa723e6cc103d2bb47b2c as process 55
2023-09-05 21:31:45 0 [Note] InnoDB: Compressed tables use zlib 1.2.11
2023-09-05 21:31:45 0 [Note] InnoDB: Number of transaction pools: 1
2023-09-05 21:31:45 0 [Note] InnoDB: Using crc32 + pclmulqdq instructions
2023-09-05 21:31:45 0 [Note] mariadbd: O_TMPFILE is not supported on /tmp (disabling future attempts)
2023-09-05 21:31:45 0 [Note] InnoDB: Using liburing
2023-09-05 21:31:45 0 [Note] InnoDB: Initializing buffer pool, total size = 128.000MiB, chunk size = 2.000MiB
2023-09-05 21:31:45 0 [Note] InnoDB: Completed initialization of buffer pool
2023-09-05 21:31:45 0 [ERROR] InnoDB: MySQL-8.0 tablespace in ./ibdata1
2023-09-05 21:31:45 0 [ERROR] InnoDB: Restart in MySQL for migration/recovery.
2023-09-05 21:31:45 0 [ERROR] InnoDB: Plugin initialization aborted with error Unsupported
2023-09-05 21:31:45 0 [Note] InnoDB: Starting shutdown...
2023-09-05 21:31:45 0 [ERROR] Plugin 'InnoDB' registration as a STORAGE ENGINE failed.
2023-09-05 21:31:45 0 [Note] Plugin 'FEEDBACK' is disabled.
2023-09-05 21:31:45 0 [ERROR] Unknown/unsupported storage engine: InnoDB
2023-09-05 21:31:45 0 [ERROR] Aborting
2023-09-05 21:32:22 0 [Note] Starting MariaDB 10.11.5-MariaDB-1:10.11.5+maria~ubu2204-log source revision 7875294b6b74b53dd3aaa723e6cc103d2bb47b2c as process 55
2023-09-05 21:32:22 0 [Note] InnoDB: Compressed tables use zlib 1.2.11
2023-09-05 21:32:22 0 [Note] InnoDB: Number of transaction pools: 1
2023-09-05 21:32:22 0 [Note] InnoDB: Using crc32 + pclmulqdq instructions
2023-09-05 21:32:22 0 [Note] mariadbd: O_TMPFILE is not supported on /tmp (disabling future attempts)
2023-09-05 21:32:22 0 [Note] InnoDB: Using liburing
2023-09-05 21:32:22 0 [Note] InnoDB: Initializing buffer pool, total size = 128.000MiB, chunk size = 2.000MiB
2023-09-05 21:32:22 0 [Note] InnoDB: Completed initialization of buffer pool
2023-09-05 21:32:22 0 [ERROR] InnoDB: MySQL-8.0 tablespace in ./ibdata1
2023-09-05 21:32:22 0 [ERROR] InnoDB: Restart in MySQL for migration/recovery.
2023-09-05 21:32:22 0 [ERROR] InnoDB: Plugin initialization aborted with error Unsupported
2023-09-05 21:32:22 0 [Note] InnoDB: Starting shutdown...
2023-09-05 21:32:22 0 [ERROR] Plugin 'InnoDB' registration as a STORAGE ENGINE failed.
2023-09-05 21:32:22 0 [Note] Plugin 'FEEDBACK' is disabled.
2023-09-05 21:32:22 0 [ERROR] Unknown/unsupported storage engine: InnoDB
2023-09-05 21:32:22 0 [ERROR] Aborting
2023-09-05 21:32:55 0 [Note] Starting MariaDB 10.11.5-MariaDB-1:10.11.5+maria~ubu2204-log source revision 7875294b6b74b53dd3aaa723e6cc103d2bb47b2c as process 55
2023-09-05 21:32:55 0 [Note] InnoDB: Compressed tables use zlib 1.2.11
2023-09-05 21:32:55 0 [Note] InnoDB: Number of transaction pools: 1
2023-09-05 21:32:55 0 [Note] InnoDB: Using crc32 + pclmulqdq instructions
2023-09-05 21:32:55 0 [Note] mariadbd: O_TMPFILE is not supported on /tmp (disabling future attempts)
2023-09-05 21:32:55 0 [Note] InnoDB: Using liburing
2023-09-05 21:32:55 0 [Note] InnoDB: Initializing buffer pool, total size = 128.000MiB, chunk size = 2.000MiB
2023-09-05 21:32:55 0 [Note] InnoDB: Completed initialization of buffer pool
2023-09-05 21:32:55 0 [ERROR] InnoDB: MySQL-8.0 tablespace in ./ibdata1
2023-09-05 21:32:55 0 [ERROR] InnoDB: Restart in MySQL for migration/recovery.
2023-09-05 21:32:55 0 [ERROR] InnoDB: Plugin initialization aborted with error Unsupported
2023-09-05 21:32:55 0 [Note] InnoDB: Starting shutdown...
2023-09-05 21:32:55 0 [ERROR] Plugin 'InnoDB' registration as a STORAGE ENGINE failed.
2023-09-05 21:32:55 0 [Note] Plugin 'FEEDBACK' is disabled.
2023-09-05 21:32:55 0 [ERROR] Unknown/unsupported storage engine: InnoDB
2023-09-05 21:32:55 0 [ERROR] Aborting
2023-09-05 21:33:27 0 [Note] Starting MariaDB 10.11.5-MariaDB-1:10.11.5+maria~ubu2204-log source revision 7875294b6b74b53dd3aaa723e6cc103d2bb47b2c as process 56
2023-09-05 21:33:27 0 [Note] InnoDB: Compressed tables use zlib 1.2.11
2023-09-05 21:33:27 0 [Note] InnoDB: Number of transaction pools: 1
2023-09-05 21:33:27 0 [Note] InnoDB: Using crc32 + pclmulqdq instructions
2023-09-05 21:33:27 0 [Note] mariadbd: O_TMPFILE is not supported on /tmp (disabling future attempts)
2023-09-05 21:33:27 0 [Note] InnoDB: Using liburing
2023-09-05 21:33:27 0 [Note] InnoDB: Initializing buffer pool, total size = 128.000MiB, chunk size = 2.000MiB
2023-09-05 21:33:27 0 [Note] InnoDB: Completed initialization of buffer pool
2023-09-05 21:33:27 0 [ERROR] InnoDB: MySQL-8.0 tablespace in ./ibdata1
2023-09-05 21:33:27 0 [ERROR] InnoDB: Restart in MySQL for migration/recovery.
2023-09-05 21:33:27 0 [ERROR] InnoDB: Plugin initialization aborted with error Unsupported
2023-09-05 21:33:27 0 [Note] InnoDB: Starting shutdown...
2023-09-05 21:33:27 0 [ERROR] Plugin 'InnoDB' registration as a STORAGE ENGINE failed.
2023-09-05 21:33:27 0 [Note] Plugin 'FEEDBACK' is disabled.
2023-09-05 21:33:27 0 [ERROR] Unknown/unsupported storage engine: InnoDB
2023-09-05 21:33:27 0 [ERROR] Aborting
2023-09-05 21:34:00 0 [Note] Starting MariaDB 10.11.5-MariaDB-1:10.11.5+maria~ubu2204-log source revision 7875294b6b74b53dd3aaa723e6cc103d2bb47b2c as process 55
2023-09-05 21:34:00 0 [Note] InnoDB: Compressed tables use zlib 1.2.11
2023-09-05 21:34:00 0 [Note] InnoDB: Number of transaction pools: 1
2023-09-05 21:34:00 0 [Note] InnoDB: Using crc32 + pclmulqdq instructions
2023-09-05 21:34:00 0 [Note] mariadbd: O_TMPFILE is not supported on /tmp (disabling future attempts)
2023-09-05 21:34:00 0 [Note] InnoDB: Using liburing
2023-09-05 21:34:00 0 [Note] InnoDB: Initializing buffer pool, total size = 128.000MiB, chunk size = 2.000MiB
2023-09-05 21:34:00 0 [Note] InnoDB: Completed initialization of buffer pool
2023-09-05 21:34:00 0 [ERROR] InnoDB: MySQL-8.0 tablespace in ./ibdata1
2023-09-05 21:34:00 0 [ERROR] InnoDB: Restart in MySQL for migration/recovery.
2023-09-05 21:34:00 0 [ERROR] InnoDB: Plugin initialization aborted with error Unsupported
2023-09-05 21:34:00 0 [Note] InnoDB: Starting shutdown...
2023-09-05 21:34:00 0 [ERROR] Plugin 'InnoDB' registration as a STORAGE ENGINE failed.
2023-09-05 21:34:00 0 [Note] Plugin 'FEEDBACK' is disabled.
2023-09-05 21:34:00 0 [ERROR] Unknown/unsupported storage engine: InnoDB
2023-09-05 21:34:00 0 [ERROR] Aborting
2023-09-05 21:34:38 0 [Note] Starting MariaDB 10.11.5-MariaDB-1:10.11.5+maria~ubu2204-log source revision 7875294b6b74b53dd3aaa723e6cc103d2bb47b2c as process 56
2023-09-05 21:34:38 0 [Note] InnoDB: Compressed tables use zlib 1.2.11
2023-09-05 21:34:38 0 [Note] InnoDB: Number of transaction pools: 1
2023-09-05 21:34:38 0 [Note] InnoDB: Using crc32 + pclmulqdq instructions
2023-09-05 21:34:38 0 [Note] mariadbd: O_TMPFILE is not supported on /tmp (disabling future attempts)
2023-09-05 21:34:38 0 [Note] InnoDB: Using liburing
2023-09-05 21:34:38 0 [Note] InnoDB: Initializing buffer pool, total size = 128.000MiB, chunk size = 2.000MiB
2023-09-05 21:34:38 0 [Note] InnoDB: Completed initialization of buffer pool
2023-09-05 21:34:38 0 [ERROR] InnoDB: MySQL-8.0 tablespace in ./ibdata1
2023-09-05 21:34:38 0 [ERROR] InnoDB: Restart in MySQL for migration/recovery.
2023-09-05 21:34:38 0 [ERROR] InnoDB: Plugin initialization aborted with error Unsupported
2023-09-05 21:34:38 0 [Note] InnoDB: Starting shutdown...
2023-09-05 21:34:38 0 [ERROR] Plugin 'InnoDB' registration as a STORAGE ENGINE failed.
2023-09-05 21:34:38 0 [Note] Plugin 'FEEDBACK' is disabled.
2023-09-05 21:34:38 0 [ERROR] Unknown/unsupported storage engine: InnoDB
2023-09-05 21:34:38 0 [ERROR] Aborting
2023-09-05 21:35:11 0 [Note] Starting MariaDB 10.11.5-MariaDB-1:10.11.5+maria~ubu2204-log source revision 7875294b6b74b53dd3aaa723e6cc103d2bb47b2c as process 55
2023-09-05 21:35:11 0 [Note] InnoDB: Compressed tables use zlib 1.2.11
2023-09-05 21:35:11 0 [Note] InnoDB: Number of transaction pools: 1
2023-09-05 21:35:11 0 [Note] InnoDB: Using crc32 + pclmulqdq instructions
2023-09-05 21:35:11 0 [Note] mariadbd: O_TMPFILE is not supported on /tmp (disabling future attempts)
2023-09-05 21:35:11 0 [Note] InnoDB: Using liburing
2023-09-05 21:35:11 0 [Note] InnoDB: Initializing buffer pool, total size = 128.000MiB, chunk size = 2.000MiB
2023-09-05 21:35:11 0 [Note] InnoDB: Completed initialization of buffer pool
2023-09-05 21:35:11 0 [ERROR] InnoDB: MySQL-8.0 tablespace in ./ibdata1
2023-09-05 21:35:11 0 [ERROR] InnoDB: Restart in MySQL for migration/recovery.
2023-09-05 21:35:11 0 [ERROR] InnoDB: Plugin initialization aborted with error Unsupported
2023-09-05 21:35:11 0 [Note] InnoDB: Starting shutdown...
2023-09-05 21:35:11 0 [ERROR] Plugin 'InnoDB' registration as a STORAGE ENGINE failed.
2023-09-05 21:35:11 0 [Note] Plugin 'FEEDBACK' is disabled.
2023-09-05 21:35:11 0 [ERROR] Unknown/unsupported storage engine: InnoDB
2023-09-05 21:35:11 0 [ERROR] Aborting
